epoch,domain_classifier_acc,domain_classifier_loss,label_predictor_acc,label_predictor_loss,loss,val_domain_classifier_acc,val_domain_classifier_loss,val_label_predictor_acc,val_label_predictor_loss,val_loss
0,0.9036,0.3991393103480339,0.3506,1.8138610261917114,2.213000332164764,0.9876,0.062450861816108226,0.8008,0.6730357019901275,0.7354865653991699
1,0.7149,0.5228218033224344,0.8021,0.6227301611423492,1.1455519686698914,0.77,0.5179175174713134,0.9044,0.33488392028808595,0.8528014390945434
2,0.6716,0.6198641494750976,0.8745,0.40784167366027835,1.0277058267593384,0.754,0.5781646181106568,0.9164,0.2792495523452759,0.8574141689300537
3,0.6987,0.6119527186393737,0.8704,0.41993272948265076,1.0318854516029359,0.9072,0.33384497227668763,0.93,0.23684619362354278,0.5706911650657653
4,0.7064,0.6102784023761749,0.884,0.3913376173973083,1.0016160235404967,0.894,0.5081157320976257,0.9424,0.22177772201299667,0.7298934519767761
5,0.6696,0.6241377937316894,0.8986,0.32859391185045245,0.9527317044258118,0.7368,0.5473931789398193,0.9312,0.2235362826347351,0.7709294609069824
6,0.7223,0.6538199253559113,0.8913,0.3900697340786457,1.0438896571159362,0.7348,0.5624218558311462,0.8908,0.44982548539638517,1.012247342300415
7,0.7259,0.5821355836868286,0.8957,0.3611058978021145,0.9432414813995361,0.2912,1.2366713044166564,0.9188,0.26237716886997225,1.4990484722137452
8,0.8113,0.46694841933250425,0.9064,0.3145234976053238,0.7814719179153442,0.8108,0.4527016694545746,0.94,0.20267612260580062,0.6553777950763703
9,0.6854,0.6889021558284759,0.893,0.3996651220791042,1.0885672741889953,0.7388,0.5341408249855042,0.9292,0.22924533935189248,0.763386170578003
10,0.7469,0.6794326711654664,0.8987,0.44188268781006335,1.1213153599739074,0.9468,0.3823178482532501,0.9524,0.15500277806487867,0.53732062561512
11,0.7073,0.584390346956253,0.9281,0.24866656517386437,0.8330569137573243,0.774,0.4321611555099487,0.9448,0.17427761071585118,0.6064387647628784
12,0.7195,0.6097850850105285,0.908,0.33281046448349955,0.9425955518722534,0.5448,0.6801957282066345,0.948,0.16282490245103837,0.8430206295013428
13,0.8496,0.384087836933136,0.9331,0.23435015379190444,0.6184379917144776,0.9796,0.13308504705429078,0.9528,0.15855003883838653,0.29163508446216585
14,0.7878,0.473127453660965,0.9197,0.2780129373371601,0.7511403919219971,0.8764,0.2693055980682373,0.922,0.22937034409046173,0.4986759391784668
15,0.8,0.4762553645372391,0.9075,0.30282399418354033,0.779079360294342,0.9048,0.2795857455253601,0.9472,0.16536590580940247,0.44495165195465086
16,0.7834,0.4954903888225555,0.9277,0.26305717242360116,0.7585475601673126,0.9364,0.3418919299125671,0.95,0.1472402824252844,0.48913221282958985
17,0.7729,0.48801383028030393,0.9137,0.2900952292203903,0.7781090571403504,0.8948,0.39219564332962037,0.946,0.17351490352153778,0.5657105448722839
18,0.8177,0.5495064455986023,0.9037,0.4234662749782205,0.9729727191925048,0.5884,0.8263680326461792,0.9364,0.25341945149544626,1.0797874829769134
19,0.8857,0.33629471278190615,0.9343,0.22411646941304206,0.5604111814975739,0.85,0.33721006541252135,0.9512,0.15339204403162002,0.49060210847854613
20,0.8269,0.39942718790769577,0.9205,0.2632096516370773,0.662636839389801,0.7948,0.42176388858556746,0.938,0.22374766537901014,0.6455115513920784
21,0.7684,0.5009884668827057,0.9217,0.2782104805231094,0.7791989462852478,0.8508,0.3330141237258911,0.9556,0.1421171615719795,0.47513128490448
22,0.808,0.43507275333404544,0.9418,0.2120745341747999,0.6471472880363465,0.7608,0.4816415759086609,0.9568,0.15479181188344956,0.6364333863258362
23,0.8068,0.42886865746974945,0.939,0.20373538007736205,0.6326040392398834,0.8352,0.3551798180818558,0.9576,0.1354179510116577,0.4905977700233459
24,0.7473,0.5943809476017952,0.9044,0.3504526682794094,0.9448336134195328,0.7804,0.37273761677742007,0.9552,0.1500290347211063,0.5227666532993317
25,0.7494,0.5130499237060547,0.9414,0.19266476917862893,0.7057146936416626,0.7868,0.48807661924362183,0.9628,0.128682261800766,0.6167588823318482
26,0.7346,0.5351211693763733,0.9464,0.18053997648954392,0.7156611448764801,0.6764,0.6113901849746705,0.9552,0.15426511272192,0.7656552976608276
27,0.6238,0.6367814542293548,0.9469,0.1783236093223095,0.8151050647258758,0.7192,0.5591189685821534,0.9612,0.12709365389049054,0.6862126231193543
28,0.6927,0.5879777486801148,0.9522,0.16106845923662186,0.7490462090492248,0.496,0.8675017809867859,0.9648,0.11286558486372232,0.9803673658370972
29,0.6324,0.6539870743751526,0.9516,0.16715443784594536,0.8211415125846863,0.6148,0.6870566115379334,0.9656,0.10329788271188736,0.7903544945716858
30,0.6417,0.6352599437713623,0.9592,0.1340286114215851,0.7692885570526123,0.5172,0.7517448287963867,0.9672,0.10256986537575721,0.8543146951675415
31,0.6288,0.6486837775230407,0.9611,0.12374822199568153,0.7724319985389709,0.528,0.7306190057754517,0.9652,0.10466450883597135,0.8352835149765014
32,0.615,0.6567868968963623,0.9619,0.12390303926095367,0.7806899349212646,0.5928,0.6732347003936767,0.9688,0.09524079191982746,0.7684754905700684
33,0.6303,0.6423107303619385,0.9654,0.11045998236387967,0.7527707118988037,0.5988,0.6704692925453186,0.9708,0.08800173982977867,0.7584710355758667
34,0.5748,0.6795873064041138,0.9636,0.12055874497294426,0.8001460515975952,0.4444,0.73039439868927,0.9648,0.0995912868142128,0.8299856859207153
35,0.5387,0.6878676696777344,0.9701,0.10343351369574666,0.791301184463501,0.546,0.6767071007728577,0.9712,0.08407764362692834,0.7607847432136535
36,0.5917,0.6686850385665893,0.9747,0.08726016287356615,0.7559452033996582,0.6444,0.6575512782096863,0.9716,0.07896236590798944,0.7365136457443238
37,0.62,0.6584156899452209,0.9705,0.09411478132754564,0.7525304715156556,0.612,0.6618951110839844,0.9688,0.09079950069785118,0.7526946113586426
38,0.6104,0.6591705609321594,0.9733,0.09618950658142567,0.7553600678443909,0.524,0.6967153764724732,0.968,0.09266471101790666,0.7893800868034363
39,0.5829,0.6719657378196716,0.9725,0.09187994557768106,0.7638456811904907,0.5336,0.6940913404464721,0.9716,0.08266594527959824,0.7767572870254517
40,0.5679,0.6794523210525513,0.9749,0.07841492009609938,0.7578672410964966,0.5312,0.694557315826416,0.9748,0.07892315691113472,0.7734804702758789
41,0.5782,0.675896482372284,0.9741,0.08946960108429193,0.765366083240509,0.6184,0.6707646209716797,0.974,0.07634331804327667,0.7471079398155213
42,0.6016,0.6740740834712983,0.9647,0.1340718945197761,0.8081459775447846,0.8116,0.5448265539646149,0.9664,0.1305529389452189,0.6753794888496399
43,0.6208,0.6756614327430726,0.9696,0.09963748799804598,0.7752989201545716,0.6512,0.663717897605896,0.9752,0.072816596570611,0.7365344934463501
44,0.6314,0.6650630167007446,0.976,0.07072725775763393,0.7357902750015258,0.626,0.6654038005828857,0.9776,0.06904421333298087,0.7344480163574219
45,0.616,0.6657710355758667,0.9785,0.07238233663216233,0.7381533722877502,0.6872,0.6394717645645142,0.9776,0.06704515156284906,0.7065169147491455
46,0.6183,0.6638162629127502,0.9761,0.07530260700769723,0.739118870639801,0.5992,0.6656656071662903,0.97,0.081559323546011,0.7472249294281006
47,0.6116,0.6637192898750305,0.9773,0.07357214377075434,0.7372914352416993,0.5772,0.6700779417991638,0.9788,0.06638135601580143,0.7364592963218689
48,0.6179,0.6614547781944274,0.9745,0.0778050762668252,0.7392598532676696,0.6156,0.6539513986587524,0.974,0.07618144290251658,0.7301328415870667
49,0.6234,0.6581046260833741,0.9789,0.07769836936295033,0.7358029963493348,0.626,0.6608645341873169,0.9744,0.0716495024099946,0.7325140371322632
50,0.6327,0.6528859537124634,0.9758,0.08278185208439827,0.7356678067207336,0.5188,0.6955282855987549,0.9756,0.07007626231908798,0.7656045455932617
51,0.572,0.679220206451416,0.9764,0.08138378260433674,0.7606039882659912,0.5252,0.7340360304832458,0.978,0.06787512869127095,0.8019111572265625
52,0.58,0.6793659612655639,0.9724,0.09328013815637679,0.7726460987091065,0.6176,0.6501314394950867,0.9736,0.07077872942239045,0.720910170841217
53,0.5638,0.6754327711105347,0.9743,0.07611772635281086,0.751550498008728,0.5008,0.7065426393508911,0.9752,0.0787087322153151,0.7852513725280762
54,0.5833,0.6659986982345582,0.9747,0.07934302881136536,0.7453417294502258,0.5688,0.6820763502120971,0.9756,0.08339658528957516,0.7654729367256164
55,0.5721,0.6845486266136169,0.9773,0.07088649619482458,0.7554351237297058,0.6056,0.673714552307129,0.9724,0.07086510907709599,0.7445796602249145
56,0.5633,0.6767766441345214,0.9774,0.0720751458518207,0.7488517903327941,0.55,0.6980928611755371,0.9776,0.064498984131217,0.7625918449401855
57,0.5605,0.6846789548873902,0.981,0.06331815116479993,0.7479971054077148,0.48,0.7116915934562683,0.9748,0.07228395189636504,0.783975546169281
58,0.589,0.6748157773017883,0.9815,0.057635464734025296,0.7324512398719788,0.5732,0.6870126478195191,0.9748,0.06670412775874138,0.753716777420044
59,0.6113,0.665465142250061,0.9795,0.06524242250863463,0.7307075655937195,0.5912,0.6752606693267822,0.976,0.06620167198181152,0.741462340927124
60,0.5678,0.6833575394630432,0.9809,0.06441034788265824,0.7477678870201111,0.5668,0.6895568077087403,0.9776,0.06435341714471579,0.7539102262496948
61,0.6141,0.6715743883132934,0.9816,0.05856516589820385,0.7301395554542541,0.5992,0.6808867952346802,0.9792,0.06441751926317811,0.7453043146133422
62,0.6012,0.6667789762496948,0.9799,0.06468238616362214,0.7314613625526428,0.5956,0.667598321056366,0.9784,0.061550714001059534,0.7291490309715271
63,0.5498,0.685590378189087,0.9811,0.06023562097232789,0.7458259990692139,0.5688,0.6766459921836853,0.9772,0.05835893955109641,0.7350049344062806
64,0.5764,0.680209624004364,0.981,0.056669596423208714,0.7368792205810547,0.6024,0.6595079479217529,0.9776,0.0718802597656846,0.7313882062911987
65,0.5432,0.6891545749664306,0.983,0.05711159952450544,0.74626617603302,0.5224,0.6922727499961853,0.9764,0.06783251539468765,0.7601052619934082
66,0.5558,0.6840767383575439,0.9829,0.05223382286019623,0.7363105619430542,0.4812,0.7038840774536133,0.9788,0.06344038883112371,0.7673244688987731
67,0.586,0.6783571300506592,0.983,0.05099718895927072,0.7293543189048767,0.5392,0.6855040765762329,0.98,0.0604748118404299,0.74597888879776
68,0.5711,0.6757340087890625,0.981,0.05768278728052974,0.7334167969703674,0.6196,0.6604580117225647,0.9792,0.06853857170343398,0.7289965809822082
69,0.558,0.6863748428344727,0.9782,0.06880636336058378,0.7551812049865723,0.538,0.7128193439483642,0.9776,0.06574023583199305,0.7785595778465271
70,0.5463,0.692433533000946,0.9844,0.05485239337142557,0.7472859248161315,0.5744,0.675511982536316,0.9788,0.06590612864918076,0.74141811170578
71,0.5419,0.6878198537826538,0.9829,0.05149306511506438,0.7393129196166992,0.5544,0.6831485766410827,0.978,0.06125580539032817,0.7444043781280517
72,0.5846,0.6763066919326782,0.9848,0.04798057217653841,0.7242872643470765,0.4944,0.71779791431427,0.978,0.061510945260338484,0.7793088587760926
73,0.5719,0.6785966495513917,0.9842,0.04994579457864165,0.7285424426078796,0.534,0.6983933045387268,0.9764,0.06728627492263912,0.7656795787811279
74,0.5694,0.6778611061096191,0.9844,0.049838048325665296,0.7276991556167602,0.5652,0.6803513366699219,0.9764,0.07304719195365905,0.7533985262870788
75,0.5615,0.6781416730880737,0.9842,0.049764862344891296,0.7279065371513367,0.5612,0.6746844072341919,0.9776,0.06667530485671014,0.7413597135543823
76,0.5535,0.6825728239059449,0.9805,0.05523282918557525,0.73780565366745,0.5476,0.686318653678894,0.9752,0.07189449025802314,0.7582131429672241
77,0.563,0.683557048034668,0.9822,0.05585247134882957,0.7394095199584961,0.5524,0.6875546243667603,0.978,0.06605778985396027,0.7536124153137207
78,0.5694,0.6820728419303894,0.9808,0.06160452382322401,0.7436773657798768,0.5076,0.709694945526123,0.974,0.08060434358119965,0.7902992897987365
79,0.5642,0.6785740538597107,0.9794,0.0631234412971884,0.7416974937438965,0.5652,0.6770314367294311,0.9768,0.06793903581220656,0.7449704746246338
80,0.5982,0.6691544107437134,0.9811,0.06085089265704155,0.7300053030014038,0.6232,0.6527070278167725,0.974,0.06795481952875852,0.7206618476867676
81,0.5292,0.689302910232544,0.9807,0.06155111129237339,0.7508540207862854,0.5212,0.7045776958465576,0.9824,0.05430320059470832,0.7588808967590333
82,0.5926,0.6751888439178467,0.9843,0.04716285068336874,0.7223516925811767,0.536,0.686673250579834,0.9804,0.052181429083575495,0.7388546803474426
83,0.612,0.6661734807014466,0.9854,0.04766830810159445,0.7138417882919311,0.6296,0.6613859315872193,0.9796,0.04928430962585844,0.7106702427864074
84,0.5889,0.6729965391159057,0.9869,0.04448944487161934,0.7174859837532044,0.6316,0.666349534034729,0.9792,0.06279654078483582,0.7291460739135742
85,0.5857,0.6714512470245362,0.9827,0.04760021749660373,0.7190514639854431,0.6152,0.6686478524208069,0.9784,0.06168221486210823,0.7303300703048706
86,0.6186,0.6618505784988403,0.9841,0.05003341168574989,0.7118839906692505,0.5816,0.6753577350616455,0.9768,0.0676240943047218,0.742981831073761
87,0.5841,0.6768530891418457,0.9786,0.06337476444989443,0.7402278542518616,0.6244,0.6522832540512085,0.9784,0.06407051357924938,0.7163537669181824
88,0.6194,0.6557920976638794,0.9834,0.04897040674947202,0.7047625052452088,0.6208,0.6688557874679566,0.9804,0.061442184901237484,0.7302979712486267
89,0.5892,0.6717637685775757,0.9844,0.05089945140257478,0.7226632202148437,0.5476,0.6928990289688111,0.9764,0.07330976621173323,0.7662087970733643
90,0.5863,0.6721437156677246,0.9837,0.05650255316356197,0.7286462704658508,0.582,0.6817076608657837,0.9788,0.06535760417357087,0.747065264415741
91,0.6105,0.6683269517898559,0.9818,0.056496575064584616,0.7248235273361207,0.5524,0.6899066953659058,0.974,0.0753306680329144,0.7652373617172241
92,0.5842,0.676233256149292,0.9796,0.06664008174538612,0.7428733361244202,0.588,0.6769395639419555,0.976,0.06989091742327437,0.7468304822921753
93,0.6135,0.6637787149429322,0.981,0.06104844351857901,0.7248271593093872,0.5404,0.6870530040740966,0.976,0.07075042188540101,0.7578034267425537
94,0.6024,0.6735625377655029,0.9788,0.06502109979540109,0.738583637046814,0.5704,0.6810442902565003,0.9804,0.061773645611433316,0.742817936706543
95,0.6098,0.666796420288086,0.9785,0.061527956302836535,0.7283243766784668,0.5676,0.6947813885688782,0.9736,0.07129280151724815,0.7660741884231568
96,0.6027,0.6689537210464478,0.977,0.06755404155217111,0.7365077613830566,0.6104,0.6680676179885864,0.9772,0.06785761050321162,0.7359252297401428
97,0.6059,0.664956890296936,0.9821,0.05465007380023599,0.719606963634491,0.5688,0.6674021532058716,0.9764,0.08032731166463346,0.7477294653892517
98,0.6138,0.6612501603126526,0.981,0.06160447623431683,0.7228546368598938,0.6432,0.6503195841789245,0.98,0.06407504501789808,0.7143946308135987
99,0.6472,0.6409585079193115,0.985,0.04666348822582513,0.6876219954490662,0.6588,0.6346466805458069,0.9784,0.060813616298511626,0.6954603000640869
100,0.6264,0.6573291181564331,0.9849,0.047821356028690934,0.7051504755020142,0.604,0.6699437425613404,0.9784,0.06312250345838256,0.7330662452697754
101,0.6207,0.6586440608024597,0.9845,0.05028107889331877,0.7089251404762268,0.5844,0.6737014972686768,0.978,0.06382185856103897,0.7375233539581298
102,0.6191,0.6602053142547607,0.9839,0.050920548339560626,0.7111258631706238,0.6784,0.6335932940483093,0.9772,0.06354733149930834,0.6971406274795532
103,0.6099,0.6602937623023987,0.9832,0.05256024232897907,0.7128540042877197,0.5828,0.6863112997055054,0.9784,0.0698407206736505,0.7561520217895508
104,0.6197,0.6511301155090332,0.9822,0.056451215817034245,0.707581332206726,0.572,0.6740965204238891,0.978,0.07057139628846198,0.7446679190635681
105,0.6019,0.6652815187454224,0.9817,0.06135173664689064,0.7266332570075988,0.562,0.6879559412002564,0.978,0.06529154703142122,0.7532474888801575
106,0.6074,0.6604929933547974,0.98,0.060943322963267564,0.7214363167762756,0.6008,0.6708675085067749,0.9772,0.06901703418269753,0.7398845434188843
107,0.619,0.6588321882247925,0.9794,0.058466133744455875,0.7172983192443848,0.538,0.6930469429016113,0.9792,0.06020023164823651,0.7532471746444702
108,0.5954,0.6638551930427551,0.9837,0.048820173520222304,0.7126753668785095,0.6404,0.6429861741065979,0.9768,0.05749794263727963,0.7004841173171997
109,0.6234,0.6556452019691468,0.9837,0.04910355728045106,0.7047487592697144,0.5616,0.6838112652778625,0.978,0.07281489918157458,0.7566261639595032
110,0.6255,0.6539294896125794,0.9832,0.05223317707069218,0.7061626652717591,0.59,0.6702946739196778,0.9784,0.06782151119541377,0.73811618309021
111,0.6192,0.658553239250183,0.9838,0.050324918998032805,0.7088781593322754,0.5636,0.6894691922187806,0.9804,0.06039472824670374,0.7498639204978943
112,0.6214,0.6583392528533936,0.9836,0.05350719026401639,0.7118464438438415,0.6052,0.6730204784393311,0.9788,0.0673908349789679,0.7404113123893737
113,0.5908,0.6731598362922668,0.9823,0.05565853356663138,0.7288183704376221,0.5496,0.6836808061599732,0.9768,0.07027472058087587,0.753955526638031
114,0.5985,0.6667014722824096,0.9804,0.055236504044756295,0.7219379767417907,0.56,0.683045139503479,0.9776,0.06894455303279683,0.7519896927833557
115,0.6285,0.6580083617210388,0.9827,0.05441087887324393,0.7124192405700683,0.592,0.6779474093437194,0.9796,0.059763332580029964,0.7377107407569885
116,0.6049,0.6629295666694641,0.9798,0.06353533801957965,0.7264649042129516,0.554,0.6945438284873963,0.976,0.0760000464990735,0.7705438749313355
117,0.5971,0.6678443010330201,0.9804,0.06203062863890082,0.7298749304771424,0.5984,0.6650456895828247,0.9796,0.06283662806153298,0.7278823199272155
118,0.6275,0.6530327599525452,0.9805,0.0566740729983896,0.7097068321228027,0.596,0.6580566081047058,0.9792,0.054562732589058575,0.7126193434715271
119,0.6392,0.6408930192947387,0.983,0.05431033930294216,0.6952033579826356,0.6092,0.6657945899009705,0.9788,0.06008612638819032,0.725880715560913
120,0.6403,0.6534635997772217,0.9817,0.0562724168933928,0.7097360179901123,0.6232,0.6642497295379639,0.9804,0.05425685656126589,0.7185065836906434
121,0.6161,0.6618607321739197,0.9804,0.058400182327628135,0.720260916519165,0.7136,0.5864246715545655,0.9748,0.0806762968769328,0.6671009685039521
122,0.6193,0.6554651361465454,0.9803,0.06576518094912172,0.7212303177833557,0.5896,0.6605802270889283,0.9772,0.06882967585222796,0.7294099012374878
123,0.6243,0.65677405128479,0.9809,0.05616642686361447,0.7129404781341553,0.6612,0.6381798336029053,0.978,0.07825042485818266,0.7164302570343017
124,0.6161,0.6581061748504639,0.983,0.05141287034377456,0.7095190451622009,0.628,0.6626435156822205,0.978,0.07263565339893102,0.7352791702270508
125,0.6309,0.6529850529670715,0.9842,0.04961957584628835,0.702604628944397,0.638,0.6400259214401245,0.9788,0.07385988159552216,0.7138858019828797
126,0.6263,0.654739406967163,0.9816,0.05627754877321422,0.7110169567108154,0.6384,0.6552711378097534,0.9712,0.08838668236471713,0.7436578197479248
127,0.665,0.6365368407249451,0.9813,0.057702124173939225,0.6942389658927918,0.5764,0.6910196142196655,0.976,0.07104440687298774,0.7620640188217163
128,0.6568,0.6399191444396972,0.9833,0.05021143265962601,0.6901305781364441,0.6088,0.6588178301811218,0.9784,0.07164538389928639,0.7304632179260254
129,0.608,0.6536788095474243,0.9827,0.05119727362338453,0.704876083278656,0.6372,0.6437051731109619,0.974,0.08471840072270716,0.7284235717773437
130,0.6233,0.6645279689788819,0.9822,0.053457088359072806,0.7179850589752197,0.5932,0.6866517191886902,0.976,0.07212523496374487,0.7587769571304321
131,0.5895,0.668631669807434,0.9811,0.05526473467033356,0.723896405506134,0.6328,0.6541817099571228,0.9752,0.07718873200006783,0.7313704438209534
132,0.6421,0.6414998140335083,0.9818,0.05459641460850835,0.6960962300300598,0.6284,0.651131753540039,0.9732,0.08183360749334097,0.7329653656005859
133,0.6442,0.6456305129051209,0.9824,0.05729021766409278,0.7029207322120666,0.5972,0.675399720954895,0.972,0.0878172798863612,0.7632170015335084
134,0.6292,0.6479332281112671,0.9811,0.06159858629796654,0.7095318140983582,0.6152,0.6591902749061584,0.9752,0.07456946066915988,0.7337597382545471
135,0.6467,0.6462732706069946,0.9806,0.06145348976664245,0.707726759815216,0.66,0.6360014065742493,0.972,0.08866249862238765,0.7246639010429382
136,0.6339,0.6513866933822632,0.9787,0.06618388094063848,0.7175705752372742,0.6116,0.6531609964370727,0.9752,0.07551638989787898,0.7286773858070373
137,0.6328,0.6558960124969483,0.9783,0.06638244005646557,0.7222784502983093,0.6248,0.6588591782569885,0.9752,0.07240722405537962,0.7312664000988006
138,0.6595,0.628135684299469,0.9797,0.059609360348433255,0.6877450455665588,0.6648,0.6369102935791016,0.9812,0.06501953446019906,0.7019298265457153
139,0.6589,0.6381127341270447,0.9801,0.060391779325902464,0.698504513835907,0.6572,0.6392053115844727,0.976,0.06862863838821649,0.7078339515686035
140,0.6629,0.6273942409515381,0.9795,0.06407721466384828,0.6914714552879333,0.5768,0.6797748710632324,0.9764,0.06709102244749665,0.7468658887863159
141,0.6572,0.6282881037712097,0.9782,0.0666377699546516,0.6949258718490601,0.7404,0.5876272357940674,0.978,0.065118138984486,0.6527453722000122
142,0.6715,0.6371697001457214,0.979,0.06095688296146691,0.698126583480835,0.6312,0.6473207424163818,0.9712,0.08836093509483617,0.7356816730499267
143,0.6698,0.6288458205223083,0.9779,0.06708351907841861,0.6959293392181396,0.6768,0.6164818075180054,0.976,0.08294977260120213,0.6994315815925598
144,0.6798,0.6212691967010499,0.9818,0.0609625258250162,0.6822317213058472,0.6716,0.6390969388961792,0.9744,0.07169936498627066,0.710796305847168
145,0.6452,0.6473755459785462,0.9822,0.05740306502445601,0.7047786107063293,0.6232,0.6486603672027588,0.9776,0.08481837752461434,0.7334787454605103
146,0.6737,0.6039771826744079,0.981,0.058214457855187356,0.6621916403770447,0.724,0.580136884021759,0.976,0.08564655336621217,0.6657834340572357
147,0.6707,0.623623696231842,0.9813,0.05864703040830791,0.6822707274436951,0.6824,0.6073302059173584,0.9776,0.07897638778686523,0.6863065941810608
148,0.6581,0.6280215391159057,0.9827,0.06049517579209059,0.6885167136192322,0.7096,0.5957689572334289,0.9756,0.07873720695115626,0.6745061616897583
149,0.6555,0.6330339292526245,0.9798,0.06138736681342125,0.6944212965965271,0.6156,0.6253681133270264,0.9744,0.08602978730536998,0.7113979041099548
150,0.6417,0.6440653802871704,0.9793,0.06920453526950442,0.7132699162483215,0.6944,0.5982269311904908,0.978,0.07336403806209564,0.6715909698486328
151,0.6625,0.619050779056549,0.9814,0.058235219671577215,0.6772859993934631,0.6972,0.5954212464332581,0.974,0.08252917954027653,0.6779504202842712
152,0.6601,0.6250716059684753,0.9812,0.05857399692200124,0.6836456052780151,0.6664,0.6111518278121948,0.9776,0.06709701215110253,0.6782488406181335
153,0.6467,0.6396941916465759,0.9834,0.059712033963017164,0.6994062251091003,0.6544,0.6293139675140381,0.9748,0.09200150944383349,0.7213154767990112
154,0.6564,0.6351991748809814,0.9812,0.05898030552808196,0.6941794796943664,0.6224,0.649310260772705,0.9736,0.0892298073425889,0.7385400702476501
155,0.649,0.6318960973739624,0.9806,0.060271278327330945,0.6921673768043518,0.622,0.6420074757575989,0.9708,0.09538128737914375,0.7373887639999389
156,0.6646,0.6167348595619202,0.9799,0.062183572268486025,0.6789184323310852,0.69,0.596076123046875,0.9748,0.08033891908423975,0.6764150430679321
157,0.6473,0.6335075170516967,0.9785,0.06828448284044862,0.7017919995307922,0.7008,0.6187000102996826,0.976,0.08252286723032594,0.701222878074646
158,0.676,0.6119266699790955,0.9779,0.07227713194824756,0.6842038020133973,0.636,0.6475121451377869,0.9712,0.09359261120408774,0.74110475730896
159,0.6671,0.6219752017974853,0.9738,0.07519217934645712,0.697167382144928,0.646,0.6276363617897034,0.976,0.07290398223529337,0.700540348148346
160,0.6755,0.6167752086639404,0.98,0.0629268520284444,0.6797020609855652,0.6584,0.6333789993286133,0.9752,0.07891426886990667,0.712293268585205
161,0.6745,0.6157653918266296,0.9809,0.06435187498871237,0.6801172650337219,0.674,0.6272620484352112,0.9748,0.07313862845608965,0.7004006747245789
162,0.6372,0.6417436374664307,0.978,0.07207596487253905,0.7138196022033692,0.6316,0.6475716032981873,0.9768,0.07620450534771953,0.723776106929779
163,0.653,0.6283775232315063,0.9758,0.0730958555355668,0.7014733784675599,0.6692,0.6110201042175293,0.9752,0.07861963613741099,0.6896397400856018
164,0.6728,0.6093886953353882,0.9792,0.0655820165976882,0.6749707111358643,0.6776,0.61244654378891,0.9732,0.08494511977108195,0.6973916638851165
165,0.6401,0.6449477272033691,0.9788,0.06823630021670833,0.713184027004242,0.5828,0.665141421031952,0.976,0.09851382423788309,0.7636552434921264
166,0.646,0.6320101120948791,0.977,0.07004581633713096,0.7020559267044068,0.6584,0.6424622591972351,0.9728,0.09512904706287663,0.7375913059234619
167,0.6601,0.6195732147216797,0.9802,0.05938634384423494,0.6789595585823059,0.6952,0.5926312779426575,0.972,0.08711905900239944,0.6797503396987915
168,0.669,0.622795956993103,0.9759,0.07744760153442622,0.7002435584068298,0.6648,0.6181197815895081,0.9736,0.0939929101396352,0.712112690448761
169,0.6499,0.6274215706825257,0.9801,0.06187068039691076,0.689292249584198,0.6128,0.668355480337143,0.9696,0.11891732562296092,0.7872728051185608
170,0.6917,0.6030825890541077,0.9784,0.06642700081747026,0.6695095905303955,0.6808,0.6143701935768128,0.9744,0.08114445084581093,0.6955146443367004
171,0.7015,0.5950297951698303,0.9811,0.05843165923915804,0.6534614528656005,0.6876,0.6202612962722779,0.972,0.09138773527312442,0.7116490315914155
172,0.6826,0.6133059063911438,0.9801,0.0576573439437896,0.6709632482528687,0.676,0.6109821252822876,0.974,0.08600393832102418,0.6969860651969909
173,0.6748,0.6108503361701966,0.9809,0.05710718103572726,0.6679575161933899,0.6568,0.6277020247936249,0.9748,0.08349660407751798,0.7111986291885376
174,0.6556,0.6183722263336182,0.9815,0.059477362485043705,0.6778495889663696,0.6904,0.5939503789901733,0.9728,0.09164689027518035,0.6855972729682922
175,0.658,0.6170706175804138,0.9808,0.059789328224956986,0.6768599454879761,0.6588,0.6300032096862793,0.9744,0.1004617493208032,0.730464959526062
176,0.6633,0.6175855512619018,0.9795,0.06554905662464444,0.6831346072196961,0.6504,0.6392032451629639,0.972,0.09587963776816615,0.7350828850746155
177,0.6683,0.6164831765174865,0.9782,0.06863360541146249,0.6851167834281922,0.658,0.6380231061935425,0.9712,0.11315712969365996,0.7511802356719971
178,0.6803,0.6115979328155517,0.9792,0.06814391131848097,0.6797418441772461,0.6456,0.6168776517868042,0.9712,0.10665209472868592,0.7235297463417053
179,0.6557,0.6320770115852355,0.9798,0.06235977993905544,0.6944367909431457,0.6384,0.6478987243652343,0.9716,0.09714323158934712,0.745041954421997
180,0.6481,0.6279238021850586,0.9761,0.06961454253196717,0.6975383464813233,0.654,0.6344549279212952,0.9736,0.08959009887268767,0.7240450266838073
181,0.6534,0.6280448924064637,0.9799,0.06616559449918569,0.69421048746109,0.6236,0.6407475891113281,0.976,0.08348258017525077,0.7242301692962646
182,0.6519,0.6185836047172546,0.9802,0.06126319641731679,0.6798468015670777,0.6464,0.627880588722229,0.9764,0.08844292865246535,0.7163235184669494
183,0.6619,0.6221379722595215,0.9827,0.056722887619864194,0.6788608583450317,0.636,0.6429663927078247,0.9744,0.0863980408206582,0.7293644332885743
184,0.6739,0.6156408746719361,0.9828,0.05527841570489109,0.670919289970398,0.6572,0.6305927926063538,0.9748,0.08481687078438699,0.7154096621513367
185,0.6579,0.6309125143051147,0.9821,0.05886764253443107,0.6897801575660706,0.6912,0.6059224018096924,0.972,0.12057892426835606,0.7265013268470765
186,0.6804,0.6023414625167847,0.978,0.07223773718476295,0.6745791986465454,0.6568,0.6301206085205078,0.9732,0.09905159589350224,0.7291722053527832
187,0.6486,0.6352173930168152,0.98,0.06283920675385743,0.6980566005706788,0.6476,0.6470629386901855,0.9748,0.10505429511227413,0.752117232131958
188,0.6671,0.6235649838447571,0.978,0.07061386071266607,0.6941788449287415,0.6836,0.5991184319972992,0.9776,0.10802202481050044,0.7071404511451721
189,0.6791,0.6126207009315491,0.9786,0.06903396360315382,0.6816546636581421,0.6128,0.656081844997406,0.9744,0.11071860398203134,0.7668004467010499
190,0.6368,0.6439506442070008,0.9779,0.06722392606223002,0.7111745700836182,0.61,0.6656168605804443,0.9728,0.11682283415495476,0.7824396975517273
191,0.6545,0.6197108266830444,0.9754,0.07736286376938224,0.6970736896514893,0.6336,0.6448714061260223,0.9732,0.11093026026771403,0.7558016654491424
192,0.653,0.6343853614807129,0.9792,0.06055004285685718,0.6949354038238525,0.648,0.6432559261322022,0.9748,0.09388497657030821,0.7371409048080444
193,0.6692,0.6211052005767822,0.9782,0.06809535915199667,0.6892005585670471,0.6404,0.6284331911087037,0.9748,0.09201155231595039,0.7204447402954102
194,0.6836,0.6117592480659485,0.9776,0.07307786957137287,0.6848371168136597,0.7216,0.5817727715492248,0.9728,0.10789030013059965,0.6896630730628968
195,0.6828,0.6048292919158935,0.9839,0.05235663641858846,0.6571859269142151,0.6652,0.6158294736862182,0.9748,0.08898995822966099,0.7048194320678711
196,0.6584,0.6265825867652893,0.9817,0.06117356922365725,0.6877561571121216,0.626,0.6573809247016906,0.9772,0.09706390246036463,0.7544448241233825
197,0.6589,0.6237487233161926,0.9778,0.06939854696639813,0.6931472700119019,0.6888,0.6098142953872681,0.9716,0.11926335320759099,0.7290776463508606
198,0.6853,0.5979466625213623,0.9743,0.0708440563235432,0.6687907183647156,0.6632,0.6187757108688354,0.976,0.09576614498670678,0.7145418540000915
199,0.6506,0.6307844988822937,0.9776,0.0663749502800405,0.6971594497680664,0.6112,0.6518913932800293,0.9728,0.10236571455821394,0.7542571086883545
200,0.6454,0.6355650676250457,0.9802,0.05977690119735198,0.6953419693946838,0.7124,0.5898947114944458,0.978,0.09411963679122128,0.6840143518447876
201,0.6632,0.625150846862793,0.9778,0.06737211373811587,0.6925229629516602,0.6648,0.6252825678348541,0.976,0.11991472475901248,0.7451972943305969
202,0.6701,0.6103636031150818,0.9776,0.07660673564802856,0.6869703391075134,0.694,0.6021988628387451,0.9756,0.08674545725118368,0.6889443205833435
203,0.68,0.6092585452079773,0.9766,0.06831205338016152,0.677570598602295,0.6756,0.6069621727943421,0.9768,0.09503791365101934,0.7020000846862793
204,0.6645,0.620368305683136,0.9791,0.06833930981606245,0.6887076161384582,0.674,0.6231499126434327,0.9744,0.09685691911950707,0.7200068278312683
205,0.6782,0.6096227440834046,0.9794,0.062311946215108036,0.6719346911430358,0.6748,0.6006119191169739,0.974,0.10030822118707002,0.7009201371192932
206,0.6672,0.6118282899856567,0.9799,0.06259572206977755,0.6744240110397339,0.6776,0.6003954332351684,0.972,0.10913668069997802,0.7095321131706238
207,0.6548,0.6256626762390137,0.9779,0.07273009245283901,0.6983927706718445,0.5984,0.6781350387573242,0.9732,0.104726021526767,0.7828610614776611
208,0.6528,0.6250270829200745,0.9777,0.07190027140043675,0.6969273542404175,0.6868,0.6048083245277405,0.974,0.10305562074525515,0.7078639476776123
209,0.6649,0.6111826385498047,0.9818,0.05727461983934045,0.6684572601318359,0.7036,0.5810006042480469,0.9728,0.10602313198931515,0.6870237342834473
210,0.6822,0.6036835815429688,0.9788,0.06630840854737907,0.6699919903755188,0.7216,0.5704034190177918,0.9764,0.09047435763962566,0.6608777709960938
211,0.6521,0.6355581860542298,0.9815,0.05884428735892289,0.6944024752616882,0.6524,0.6277269985198974,0.9712,0.12239905048893998,0.7501260510444641
212,0.6235,0.6475832901000976,0.9814,0.06401367980511859,0.7115969699859619,0.6308,0.6326110553741455,0.9712,0.12159575466766291,0.7542068082809448
213,0.6549,0.6331028707504273,0.9806,0.06288639882095158,0.6959892676353454,0.6912,0.5944872709274291,0.9704,0.12146794754378498,0.7159552171707153
214,0.6781,0.6101958059310914,0.9806,0.06489324286952615,0.675089049911499,0.6908,0.5993152237415313,0.9728,0.10197198813483119,0.7012872140407562
215,0.6663,0.6253474009513855,0.9811,0.06100647471807897,0.6863538747787475,0.67,0.6069791565895081,0.9732,0.1172733540482819,0.7242525079727172
216,0.6614,0.6266740520477295,0.981,0.061389389710314574,0.688063442325592,0.6252,0.6440705333709716,0.9728,0.10328917213408277,0.7473597029209137
217,0.652,0.6325264430046081,0.9812,0.05930567213222385,0.6918321148872375,0.68,0.6007743030548096,0.9752,0.09498056882601232,0.6957548697471618
218,0.6469,0.627770567703247,0.9826,0.05777454237509519,0.6855451082229614,0.6488,0.6335400676727295,0.974,0.11493983302265405,0.7484798997879029
219,0.6405,0.6327030555725097,0.9807,0.06475017238929867,0.6974532278060913,0.6232,0.6646731967926025,0.9724,0.1208183982927364,0.7854915939331054
220,0.6595,0.6296078300476075,0.982,0.05874908298086375,0.6883569121360779,0.618,0.6593912917137146,0.976,0.12106428507231176,0.7804555775642396
221,0.6423,0.6313183931350708,0.9847,0.05148522029970773,0.6828036128997803,0.5772,0.6981332925796508,0.9756,0.10116575947999955,0.799299049949646
222,0.6475,0.6252201097488403,0.9819,0.06073558567292057,0.6859556960105896,0.5876,0.6800495406150818,0.9736,0.10116146235006745,0.7812110029220581
223,0.6253,0.655613617515564,0.9808,0.06163775388970971,0.7172513710975646,0.6104,0.6603590780258178,0.9728,0.12338465528488159,0.78374373254776
224,0.6533,0.6208485326766968,0.9811,0.06427166850529611,0.6851202017784118,0.682,0.5868749225616455,0.9736,0.10964662183374166,0.6965215431213378
225,0.659,0.623533355998993,0.9826,0.060462091205269096,0.6839954469680786,0.6904,0.6077048445701599,0.972,0.09691686429918045,0.7046217095375061
226,0.6528,0.628333663368225,0.9811,0.05731423112805933,0.685647894191742,0.6388,0.6496862225532531,0.972,0.1327745640516281,0.7824607883453369
227,0.6503,0.6357938283920288,0.9797,0.06115092697627843,0.6969447553634643,0.6152,0.6534045337677002,0.9728,0.1284651574430289,0.7818696901321411
228,0.6482,0.6277114998817444,0.9784,0.06669370574392379,0.6944052046775818,0.672,0.6159358638763428,0.9744,0.11019426537454129,0.726130132484436
229,0.6676,0.6224741396903992,0.9837,0.05019749663742259,0.6726716376304627,0.6608,0.6313031791687012,0.9732,0.12825792740359904,0.7595611083984375
230,0.6642,0.6172144807815552,0.9843,0.047902886383794245,0.6651173670768737,0.6792,0.6206169673919678,0.9744,0.11568551627211272,0.7363024829864502
231,0.6546,0.6293195203781128,0.9826,0.054830830486956986,0.6841503512382507,0.6568,0.6209212070465088,0.976,0.10436291048526763,0.7252841156959534
232,0.6516,0.6296631791114807,0.9842,0.047555663640238346,0.677218841457367,0.6296,0.6484071683883667,0.9756,0.10610532765854733,0.7545124911308289
233,0.6421,0.6429960540771484,0.9843,0.05413249079249799,0.6971285435676575,0.646,0.6343458956718445,0.9764,0.11306046581584815,0.7474063640594483
234,0.6508,0.6298812242507934,0.9818,0.05326983452741988,0.6831510571479797,0.6584,0.6296864762306214,0.9768,0.10543905582688749,0.735125532245636
235,0.6677,0.616819159603119,0.9809,0.0572853362005204,0.6741044946670532,0.6276,0.6404026706695557,0.976,0.10201428385414184,0.7424169610977173
236,0.6371,0.6424565200805664,0.9849,0.05015450257267803,0.6926110228538513,0.614,0.680035266494751,0.9736,0.10522397024461534,0.785259234905243
237,0.6303,0.6430497015953064,0.9836,0.05781031890045851,0.700860021495819,0.6236,0.6594949417114258,0.9732,0.11218820233494048,0.7716831454277039
238,0.6528,0.6270408926963806,0.983,0.05500416432861239,0.6820450564861298,0.6852,0.6146054307937622,0.974,0.09394136080108582,0.7085467918395996
239,0.648,0.6298051692008972,0.9854,0.04627425067778677,0.676079421043396,0.6588,0.6321692143440246,0.976,0.11435833506220079,0.7465275480747223
240,0.6467,0.6291215071678161,0.9818,0.05917092407178134,0.6882924313545227,0.6304,0.6517562085151672,0.9716,0.10760011421889486,0.759356325340271
241,0.6488,0.6298859669685364,0.986,0.047070308369025586,0.676956275177002,0.6572,0.6218668845653534,0.9732,0.1159827969015474,0.7378496824741364
242,0.6514,0.6186119197845459,0.9819,0.057023337764665484,0.6756352570533752,0.61,0.6459142896652221,0.9736,0.09863457578718662,0.7445488651275635
243,0.6454,0.6300093964576721,0.9829,0.05234874113406986,0.6823581376075745,0.6368,0.631393998336792,0.9756,0.09230890046805143,0.7237028957366943
244,0.6567,0.6217928056716919,0.9847,0.05233168204445392,0.6741244893074035,0.6272,0.6507748107910156,0.9728,0.09802464793028776,0.7487994623184204
245,0.6365,0.63680970993042,0.9845,0.04734398158993572,0.6841536924362183,0.6156,0.6483336928367615,0.9716,0.11816018713787198,0.7664938808917999
246,0.6414,0.6360980714797974,0.9799,0.0634601620906964,0.6995582345962524,0.64,0.6422570007324219,0.9744,0.10704448902467266,0.7493014898777008
247,0.6332,0.6447321640014648,0.9812,0.06611320432224312,0.7108453684806824,0.598,0.6749239126205444,0.9708,0.1108110717298463,0.785734979724884
248,0.6477,0.6352390314102173,0.9807,0.06167694233711809,0.6969159731864929,0.6604,0.6324780613899231,0.9732,0.10507972563058138,0.7375577846527099
249,0.6526,0.6267680932998657,0.9833,0.055915598695538936,0.6826836916923523,0.6232,0.6498418972969056,0.972,0.11140320649929344,0.761245105457306
250,0.6337,0.6373511832237244,0.9833,0.05455344830602407,0.6919046295166016,0.6268,0.6563514965057373,0.97,0.13503705024486407,0.7913885499954224
251,0.638,0.6341911148071289,0.9816,0.06031939822840504,0.6945105134963989,0.6636,0.6296469163894653,0.9732,0.10802979334768606,0.7376767094612121
252,0.6498,0.6258223145484925,0.9847,0.05033424094840884,0.6761565544128418,0.638,0.6326835195541382,0.974,0.10441095895282924,0.7370944816589355
253,0.6609,0.6219278308868408,0.9876,0.045369186804909256,0.6672970162391663,0.6988,0.604322956943512,0.9764,0.09808984023034573,0.7024127947807312
254,0.6597,0.6293387909889221,0.9839,0.05463967368956655,0.6839784650802613,0.6376,0.6546174751281738,0.9748,0.10480652680932544,0.7594240002632141
255,0.6505,0.6263867742538453,0.9855,0.04858034838028252,0.6749671220779419,0.6548,0.6247049559116363,0.9756,0.11578761526511516,0.7404925709724426
256,0.6599,0.6240189859390258,0.9871,0.04285241910116747,0.6668714066505432,0.6972,0.6037497529983521,0.9744,0.10548769830092787,0.7092374503135681
257,0.6311,0.6499057271480561,0.984,0.054182746543362734,0.7040884756088257,0.6404,0.661899550819397,0.9764,0.10218641489669908,0.7640859666824341
258,0.6676,0.6177582766532898,0.9828,0.05601509026102722,0.6737733671188354,0.6856,0.6031192003250122,0.9752,0.09807109529227018,0.7011902995109558
259,0.6306,0.6458085796356201,0.983,0.054765071044117215,0.7005736488342286,0.668,0.6129891894340516,0.976,0.11789900053355377,0.7308881872177124
260,0.6641,0.6145045085906983,0.9825,0.054742273340094835,0.6692467809677124,0.6224,0.6545690724372863,0.9752,0.10761470082462765,0.7621837718009948
261,0.6331,0.6471806994438172,0.9824,0.05609047391209751,0.7032711734771728,0.674,0.615476961517334,0.9756,0.10478208456086577,0.720259044933319
262,0.6634,0.6187863337516785,0.9813,0.06081949479840696,0.679605827331543,0.6688,0.6364682500839234,0.9756,0.1129188669689,0.7493871215820312
263,0.6543,0.6302404055595398,0.9857,0.04814294981434941,0.6783833534240723,0.6468,0.6375077507019044,0.972,0.13035550367132528,0.7678632543563843
264,0.652,0.6237414697647095,0.983,0.059545394743513315,0.6832868647575379,0.6712,0.6100148672103882,0.9748,0.10331959139108658,0.7133344596862793
265,0.6413,0.6354701754570007,0.9839,0.0573402107398957,0.6928103848457337,0.7052,0.5678026383399963,0.9788,0.09683456027712672,0.6646371997833252
266,0.6485,0.6316734147071839,0.9827,0.05404758036453277,0.6857209944725037,0.6396,0.6399644630432129,0.9736,0.11086909001618626,0.7508335542678833
267,0.6447,0.6323993585586548,0.9821,0.05968576001469046,0.6920851181983948,0.652,0.6248438753128052,0.9736,0.12150379963759333,0.7463476753234863
268,0.6507,0.6268102543830871,0.983,0.05694135860211682,0.6837516130447387,0.6096,0.6573269207000733,0.9728,0.1328257504933892,0.7901526728630066
269,0.653,0.6274444533348084,0.9858,0.05120765732843429,0.6786521101951599,0.6384,0.6312865270137786,0.9744,0.1198401778884232,0.7511267058849335
270,0.6589,0.6199676109313965,0.9847,0.053778046143986284,0.6737456570625305,0.6252,0.6509863575935364,0.9744,0.11384217647239565,0.7648285348892212
271,0.6665,0.6150698452949523,0.9855,0.049789887829637156,0.6648597340583802,0.6648,0.6140347883224487,0.9744,0.11366231723502278,0.72769710521698
272,0.653,0.6274018071174622,0.984,0.050776143362699075,0.6781779482841491,0.6652,0.623977139377594,0.9716,0.12656232399812434,0.7505394619941711
273,0.6531,0.6337390111923218,0.9838,0.05471150109679438,0.6884505134582519,0.6748,0.6080409578323365,0.9756,0.11917837623083033,0.7272193304061889
274,0.6644,0.6223314190864563,0.9852,0.04760170039050281,0.6699331196784973,0.6604,0.6238760952949524,0.974,0.1122449148774147,0.7361210136413574
275,0.653,0.6291238306045532,0.9842,0.04944288472821936,0.6785667157173156,0.6368,0.6440566947937012,0.9732,0.13807616935670375,0.7821328628540039
276,0.6603,0.6234414969444275,0.9853,0.05112238892344758,0.6745638863563538,0.6868,0.6121933005332947,0.9752,0.12827855660542845,0.7404718523979187
277,0.636,0.6392085711479187,0.9849,0.052142800948861985,0.6913513717651367,0.6144,0.6588141315460205,0.9736,0.12857750218007713,0.7873916357040406
278,0.6444,0.6298824570655823,0.9853,0.05541760536814108,0.6853000636100769,0.6808,0.6126201783180237,0.974,0.10771271349243179,0.7203328876972198
279,0.6539,0.6328112359046936,0.9859,0.04946781804137863,0.6822790543556213,0.6152,0.667990156173706,0.9764,0.11645530257225037,0.7844454597473145
280,0.6575,0.6279686644554138,0.9826,0.05505140907373279,0.6830200717926025,0.6572,0.6238071860313416,0.9772,0.11058348397165728,0.7343906675338745
281,0.6585,0.6234269640922546,0.9832,0.054242210858594625,0.6776691732406617,0.636,0.6411461428642273,0.9776,0.10282768240694422,0.7439738246917724
282,0.644,0.6305936663627625,0.985,0.05286790325008333,0.6834615701675415,0.6372,0.6436366562843323,0.9724,0.11727677634665161,0.7609134330749512
283,0.643,0.6307383864402771,0.9832,0.05350747103914619,0.6842458561897278,0.6388,0.6368219003677368,0.9732,0.133911905819783,0.7707338031768799
284,0.6576,0.6321187868118286,0.9831,0.058194370514713226,0.6903131588935852,0.6364,0.6412563509941102,0.9708,0.1562036878474988,0.7974600378036499
285,0.6531,0.634141870880127,0.984,0.053927618564385923,0.6880694882392884,0.6368,0.6434302463531494,0.9704,0.14941033334655804,0.7928405763626099
286,0.661,0.6188571701049804,0.9825,0.055248503894591704,0.6741056727409362,0.6572,0.6168725399971008,0.9732,0.11398769293071237,0.730860233592987
287,0.6527,0.6257424871444702,0.9843,0.05017549247331917,0.675917977809906,0.646,0.6353418150901794,0.9736,0.11762234114044114,0.7529641571998597
288,0.627,0.6422554908275604,0.9855,0.05196023992225528,0.69421573138237,0.642,0.6437589576721191,0.9732,0.13496474817397175,0.7787237077713013
289,0.6336,0.6400784055709838,0.9821,0.05421796332570084,0.6942963705062867,0.6196,0.6535804502487182,0.9744,0.11571540704647196,0.769295858001709
290,0.645,0.6298102618217468,0.9844,0.051134021191240754,0.680944282913208,0.5952,0.6638101437091828,0.9736,0.12475209579163347,0.788562239074707
291,0.6549,0.6359601469039917,0.985,0.048146613808185794,0.6841067603111267,0.6304,0.651349213218689,0.9748,0.13109452098924668,0.7824437297821045
292,0.6715,0.615838212966919,0.9829,0.05511507970523089,0.6709532913208007,0.6636,0.6196409193038941,0.9772,0.11938555375684519,0.7390264760017395
293,0.6469,0.6338341814041137,0.9838,0.054340140769630674,0.6881743215560913,0.6272,0.6405245062828064,0.9756,0.1354553941069171,0.7759799024581909
294,0.6313,0.6387239876747132,0.9824,0.05661649533491582,0.6953404842376709,0.6204,0.648663701915741,0.976,0.1159736971789971,0.7646374002933503
295,0.6433,0.6345068336486817,0.983,0.05252743492843583,0.6870342694282532,0.636,0.6356020444869995,0.9756,0.11055341394022107,0.7461554591178894
296,0.6444,0.6305793165206909,0.9841,0.048065026826923714,0.6786443428993225,0.6468,0.6316677314758301,0.9732,0.1295991024589166,0.7612668337821961
297,0.6534,0.6189200781822205,0.9843,0.047106503268517556,0.6660265829086304,0.6732,0.6152766872406006,0.974,0.1276416061951779,0.7429182925224305
298,0.6337,0.6326958026885986,0.985,0.053300005463510755,0.6859958086013794,0.6244,0.6494365290641785,0.9716,0.12105316014038399,0.7704896910667419
299,0.6394,0.6336513339996338,0.9848,0.0489846205368638,0.6826359547615052,0.6356,0.6388026517868042,0.9716,0.12248277679616586,0.7612854260444641
300,0.6348,0.6388898135185241,0.9865,0.04674765139650554,0.6856374654769898,0.606,0.6660344997406006,0.9744,0.1283410791064205,0.7943755812644958
301,0.6347,0.6416590911865234,0.9865,0.04447545919874683,0.6861345515251159,0.6528,0.6346136791229248,0.9748,0.13211044801473618,0.7667241278648377
302,0.6609,0.6148050103187561,0.9845,0.05073499643150717,0.6655400061130524,0.6572,0.6132036175727844,0.9712,0.1264770151356235,0.7396806342124939
303,0.6349,0.639000059223175,0.9843,0.05221766355521977,0.6912177219390869,0.594,0.6695647306442261,0.9692,0.14881965613514184,0.8183843841552735
304,0.634,0.6342421715736389,0.9821,0.05731095346845686,0.6915531226158143,0.5848,0.6704987499237061,0.9688,0.15964089213982224,0.8301396438598633
305,0.6348,0.6327692339897156,0.9836,0.054958199476636944,0.6877274334907532,0.6196,0.647533954000473,0.9696,0.15056835210955616,0.7981023071765899
306,0.6336,0.6314109758377076,0.985,0.04716341668162495,0.6785743919372559,0.6132,0.6428501861572266,0.9692,0.1502468036124017,0.7930969930648804
307,0.626,0.64846574010849,0.9847,0.050375623406097296,0.6988413635253906,0.6524,0.6218557022094726,0.9668,0.16221944394670426,0.7840751537322999
308,0.6565,0.6189612378120423,0.9868,0.04284978840900585,0.6618110255241394,0.6828,0.6162306993484498,0.97,0.162403239399835,0.7786339385032653
309,0.6341,0.6353233242034912,0.9828,0.05852892073635012,0.6938522441864013,0.642,0.6444318271160125,0.9712,0.13343283935561775,0.7778646690368652
310,0.6642,0.6176282632827759,0.9883,0.04218709738412872,0.6598153612136841,0.6768,0.6139511985778808,0.9704,0.1282307746399194,0.7421819702148438
311,0.6478,0.6329877954006196,0.986,0.051421495701558885,0.6844092894554138,0.6356,0.6340228274345397,0.9676,0.1533316034151241,0.7873544294834137
312,0.6349,0.6358083685874939,0.9856,0.046046263023233044,0.6818546310424805,0.6536,0.6310729756355286,0.9716,0.15206625366266815,0.7831392260551453
313,0.6442,0.6313773278236389,0.9869,0.050078682707995176,0.6814560091018677,0.6808,0.6135818857192993,0.9736,0.13437551135367248,0.7479573971748352
314,0.6565,0.6303461123466492,0.987,0.04375375567851588,0.6740998677253723,0.6524,0.6376313074111939,0.9764,0.13477799481576658,0.7724092961311341
315,0.6406,0.62339741563797,0.9864,0.04864462665010942,0.6720420415878295,0.6368,0.6376579341888428,0.9748,0.1275230472254101,0.7651809799194336
316,0.6213,0.6347867826461792,0.9854,0.05201168122645468,0.6867984641075134,0.6136,0.649434252691269,0.976,0.12392279311567544,0.7733570465564727
317,0.6495,0.626234958076477,0.9855,0.04737770407125354,0.6736126630783081,0.6428,0.6271196327209473,0.9744,0.12812300896272064,0.7552426408767701
318,0.6527,0.6309429320335388,0.9879,0.04168343628812581,0.6726263651847839,0.638,0.6346859670639038,0.9716,0.1356910051524639,0.7703769730567932
319,0.6303,0.6411016062736511,0.9858,0.05051816560286097,0.691619772529602,0.6532,0.6380773692131042,0.9728,0.14612775173997633,0.7842051222801208
320,0.6491,0.63300578956604,0.9871,0.04715092039452866,0.6801567095756531,0.6436,0.6361911542892456,0.9744,0.1322308437460335,0.7684219979286194
321,0.64,0.6350054264068603,0.9859,0.05574268357311375,0.6907481100082398,0.6488,0.6353079608917236,0.9748,0.13103637421280145,0.766344333267212
322,0.6465,0.6283266645908355,0.9864,0.050219487069547174,0.6785461521148681,0.6132,0.6497412275314332,0.9728,0.12891754462682184,0.7786587726593017
323,0.6314,0.6410065773963928,0.9847,0.053372281950525936,0.6943788591384887,0.6132,0.6516450909614563,0.9748,0.13211189881581814,0.7837569906234741
324,0.6285,0.6380628311157227,0.9859,0.05370562405390665,0.6917684564590454,0.6432,0.6313602542877197,0.9724,0.15042639046661208,0.7817866423606873
325,0.6288,0.6408569097518921,0.9847,0.049975146204326304,0.6908320547103882,0.6244,0.657658780002594,0.974,0.13705402047833196,0.7947128005504608
326,0.6296,0.6387577554702759,0.9867,0.043950453001260756,0.6827082093238831,0.6284,0.6475762832641602,0.9696,0.1444648320954293,0.7920411086082458
327,0.6347,0.6392948254585266,0.9852,0.05394374863272533,0.693238573551178,0.6196,0.6489519285202027,0.9708,0.15132000843919813,0.8002719346046447
328,0.6289,0.6368462569236756,0.9871,0.04692989114476368,0.6837761463165283,0.64,0.6326556259155274,0.9712,0.14623103156882572,0.7788866572380065
329,0.6612,0.6235244587898254,0.9868,0.04943203147649765,0.6729564904212951,0.642,0.6572915166854858,0.9676,0.16224124505948276,0.8195327598571778
330,0.62,0.646059841632843,0.9856,0.04903936681486666,0.6950992067337036,0.6224,0.6485850252151489,0.97,0.1489299884069711,0.7975150134086609
331,0.62,0.6534994742393494,0.9855,0.05055621876693331,0.7040556908607483,0.5668,0.6706311787605286,0.97,0.15553888414790853,0.8261700675964355
332,0.6424,0.6304044597625732,0.985,0.04746021759959403,0.6778646762847901,0.6668,0.6246060410499573,0.9684,0.16389573516473682,0.7885017753601075
333,0.6546,0.6319684602737426,0.9863,0.04064654569830745,0.6726150054931641,0.6336,0.6559725790023804,0.968,0.15917839846462015,0.8151509769439698
334,0.6429,0.6376818021774292,0.9863,0.0476965272744419,0.685378328037262,0.6368,0.6315373907089233,0.9744,0.13004991688933232,0.7615873056411743
335,0.6406,0.6357303876876831,0.9835,0.0571919892417267,0.6929223782539368,0.6028,0.6662654159545899,0.9744,0.1397122151846066,0.8059776298522949
336,0.6371,0.641869818019867,0.9871,0.04317433729665354,0.6850441543579101,0.6332,0.649341072177887,0.9728,0.1496030472227547,0.7989441169738769
337,0.6453,0.634698374080658,0.9856,0.05198749341266812,0.6866858685493469,0.644,0.6449948475837708,0.9712,0.15159979572013835,0.7965946423530579
338,0.6535,0.6320676581382751,0.9867,0.04260185093805194,0.6746695098876954,0.6396,0.6357109185218811,0.9716,0.1308037985658273,0.766514712524414
339,0.651,0.6295220952033996,0.9871,0.04821786303129047,0.677739958000183,0.6236,0.6448578140258789,0.9712,0.1407415010175202,0.7855993154525757
340,0.6317,0.6405217771530152,0.9861,0.04779509170511737,0.6883168696403503,0.6276,0.6459181419372558,0.9716,0.14439482167735695,0.7903129657745361
341,0.6308,0.6427205610275268,0.9869,0.0457975735351094,0.6885181342124939,0.6352,0.6340451502799987,0.9732,0.14378331054784357,0.7778284648895264
342,0.6405,0.636308867263794,0.9861,0.04662355088647455,0.6829324182510376,0.6144,0.6647431274414063,0.9716,0.15036328762163176,0.8151064143180847
343,0.6153,0.6536654713630676,0.9843,0.053134062534966504,0.706799534034729,0.5788,0.6732094999313355,0.9696,0.1570212343726307,0.8302307336807251
344,0.6116,0.6574680974006653,0.9859,0.04800149148209021,0.7054695870399476,0.6036,0.650301739692688,0.9708,0.15227321874387562,0.8025749632835388
345,0.6344,0.6449718950271607,0.9862,0.050076145920949056,0.695048042011261,0.64,0.6321809432029725,0.9736,0.13173541722372173,0.7639163578033448
346,0.6347,0.6406596222877502,0.9877,0.042463030928187075,0.6831226526260376,0.5892,0.6685729853630066,0.9728,0.1280260982517153,0.7965990848064423
347,0.6265,0.6433159759521484,0.9873,0.04468232516841963,0.6879983014106751,0.6344,0.6433532781600952,0.9744,0.12766179850967602,0.7710150780677796
348,0.6223,0.6498136516571045,0.9896,0.042484133326110896,0.6922977841377258,0.6312,0.6406413829803467,0.9688,0.16117866516653448,0.8018200466156006
349,0.625,0.6447963724136353,0.9862,0.04452600550269708,0.6893223794937133,0.6116,0.6592055386066437,0.9724,0.14466039999984204,0.803865939283371
350,0.633,0.6400778840065002,0.9863,0.04432503586285748,0.6844029202461243,0.6236,0.643571475315094,0.9732,0.14359457510318607,0.7871660514831543
351,0.6538,0.63274126329422,0.9879,0.0404784645981621,0.6732197282791138,0.626,0.6585316974639892,0.9732,0.1446054038254557,0.803137102508545
352,0.6217,0.650198957824707,0.9878,0.03718089428818785,0.6873798529624939,0.6056,0.6631623300552368,0.9744,0.1522189418241382,0.8153812733650208
353,0.6323,0.6388144572257995,0.9845,0.05669588063629344,0.695510336303711,0.6428,0.6295077958106995,0.9696,0.1580489437528653,0.7875567377090454
354,0.6495,0.628174143409729,0.9867,0.04371052945340052,0.671884673500061,0.6216,0.6553143182754516,0.972,0.14475088938251138,0.8000652103424072
355,0.6425,0.6361566925048828,0.9873,0.04653057357659563,0.6826872672080994,0.6308,0.6496423760414124,0.972,0.15157816698364912,0.8012205421447753
356,0.6294,0.6357855976104736,0.9863,0.04237234051120468,0.6781579393386841,0.6212,0.6578014513015747,0.9688,0.157396659445954,0.8151981126785278
357,0.63,0.6450822023391724,0.9836,0.05379748724862002,0.6988796889305114,0.6348,0.6303069688796997,0.9728,0.14578200080404058,0.7760889698028565
358,0.6159,0.6571024041175842,0.9875,0.04514939426546916,0.7022517993927002,0.6192,0.6524206106185914,0.9692,0.16131569140553476,0.8137363014221192
359,0.6424,0.6354420897483826,0.9846,0.052576751625398176,0.6880188407897949,0.6744,0.6316269436836243,0.9728,0.14349534213040024,0.7751222828865051
360,0.6483,0.6318448870658875,0.9868,0.04533394657680765,0.6771788347244263,0.6128,0.6490847834587097,0.9712,0.13609094841711922,0.785175734615326
361,0.6265,0.6450392470359803,0.9865,0.04364151220633648,0.6886807577133178,0.64,0.6326135157585144,0.9692,0.1525856448634062,0.7851991594791412
362,0.6364,0.646455644416809,0.986,0.04388913354864344,0.6903447785377502,0.6308,0.6279248468399048,0.972,0.13510311472145842,0.763027963256836
363,0.6319,0.649750801372528,0.9882,0.04395564241593238,0.6937064436912537,0.6412,0.6473174043655395,0.9724,0.16090563694313167,0.8082230412483216
364,0.6386,0.6450666223526001,0.9872,0.04605927660465241,0.691125899219513,0.6116,0.6629260828018189,0.9768,0.15127896066084504,0.8142050399780273
365,0.6264,0.6450597906112671,0.9872,0.04841535810404457,0.6934751483917236,0.6372,0.6410070216178894,0.9744,0.13780917620211838,0.7788161994934082
366,0.6196,0.6530623693466187,0.9859,0.04833774235546589,0.7014001118659973,0.6292,0.6551476092338562,0.9764,0.132999346524477,0.7881469551563263
367,0.6408,0.6439477880477905,0.9887,0.04031018289187923,0.6842579718589783,0.6332,0.635892502450943,0.9728,0.1411645543590188,0.7770570527553559
368,0.6228,0.6525556618690491,0.9865,0.04946169478800148,0.7020173565864563,0.6128,0.6499554210662842,0.9732,0.14379963859543204,0.7937550602912903
369,0.6393,0.6377009530067443,0.9872,0.045220046525355426,0.6829210012435913,0.6492,0.6287284510135651,0.9748,0.126795115249604,0.7555235695838928
370,0.6365,0.639233089351654,0.9874,0.0427243883870542,0.6819574780464173,0.616,0.6472295426368714,0.9732,0.12936539663448934,0.7765949390888214
371,0.6423,0.6385823714256287,0.9869,0.039869809544226156,0.6784521807670594,0.6204,0.654349245262146,0.9744,0.1247654547482729,0.7791147003173828
372,0.6213,0.6495954409599304,0.987,0.04667477526179282,0.6962702163696289,0.6072,0.6592031872749329,0.974,0.14893746345490216,0.8081406496047974
373,0.6229,0.6439395594596863,0.9872,0.044115735425334424,0.6880552962303161,0.63,0.6338282322883606,0.9772,0.135488362782076,0.7693165945529937
374,0.6271,0.6357643200874329,0.9867,0.04327218547263183,0.6790365049362183,0.6432,0.628803007888794,0.9796,0.13430550282076,0.7631085124015808
375,0.6353,0.6363758932113648,0.9873,0.04208860269201686,0.6784644976615906,0.6392,0.640653544330597,0.9744,0.13635661324895917,0.7770101601600647
376,0.6399,0.6315496556282043,0.9864,0.04717947490590159,0.6787291299819946,0.634,0.6378560407638549,0.9756,0.12290508380479295,0.7607611214637756
377,0.6572,0.6288948077201844,0.9876,0.040120106258615854,0.6690149146080017,0.6492,0.6376699798107147,0.9776,0.11397251037061215,0.7516424918174743
378,0.6539,0.625437421989441,0.9871,0.04280994251403026,0.6682473628044129,0.6304,0.6397178747177124,0.9764,0.12346580351293086,0.7631836791038513
379,0.6243,0.6513595984458923,0.988,0.042496653905184936,0.6938562523841858,0.5852,0.6700834176540374,0.9744,0.12863930087387562,0.7987227210998535
380,0.6355,0.6463538034439087,0.985,0.05004220959674567,0.6963960125923156,0.6256,0.6452096105575561,0.976,0.13186591722741722,0.777075529384613
381,0.631,0.6433844088554382,0.9859,0.05004060046831146,0.6934250104904175,0.6392,0.6383810151100159,0.976,0.13565592941008509,0.7740369437217712
382,0.6347,0.6427690754890442,0.9884,0.042152312734816226,0.6849213877677918,0.6208,0.650153814125061,0.9736,0.13644855268895625,0.7866023669242859
383,0.6358,0.6392881853103638,0.9853,0.05202148016612045,0.6913096647262573,0.6348,0.6320273082733154,0.9764,0.13012011862406508,0.7621474272727966
384,0.639,0.6355526807785035,0.9874,0.04196184119074605,0.6775145209312439,0.6164,0.653733316040039,0.9728,0.13098719699978828,0.7847205194473267
385,0.6398,0.6305164698600769,0.9894,0.036365550758130846,0.66688202085495,0.6592,0.6160961663246155,0.9756,0.12842520146868192,0.7445213674545288
386,0.6541,0.6236535287857056,0.9894,0.034104288201057355,0.6577578173637391,0.65,0.6409099360466003,0.9752,0.13570380744374996,0.7766137411117554
387,0.6167,0.6533899959564209,0.9872,0.04289456679914146,0.6962845636367798,0.6148,0.6488789920806884,0.976,0.1281960904289037,0.7770750821113587
388,0.6444,0.6311440912246704,0.9882,0.03442812148798257,0.66557221326828,0.6256,0.6401747917175293,0.976,0.12888940220326187,0.7690641925811768
389,0.6315,0.6416061566352844,0.9873,0.04068431822187267,0.6822904760360717,0.6412,0.6214506294250488,0.9768,0.12531045486330986,0.7467610892295837
390,0.6262,0.6400013884544372,0.9861,0.042284781028982255,0.6822861718177795,0.6076,0.6446820629119873,0.974,0.14999638474471866,0.7946784439086914
391,0.6431,0.6216547742843628,0.9874,0.04283156405687332,0.6644863372802734,0.6048,0.6453698530197144,0.9732,0.14250635978495702,0.7878762149810791
392,0.6368,0.6318441523551941,0.9879,0.04186350102941506,0.6737076521873474,0.636,0.626939422416687,0.9744,0.1420293606080697,0.7689687825202942
393,0.646,0.6352500922203064,0.9877,0.04048084025545977,0.6757309320449829,0.6412,0.6326785478591919,0.9744,0.14431830967217685,0.7769968553543091
394,0.6355,0.6456434081077576,0.9872,0.045402039786195385,0.6910454477310181,0.6284,0.6458521367073059,0.9744,0.1434986585913226,0.7893507957458497
395,0.6461,0.6372616844177246,0.988,0.04301696114749648,0.6802786448478698,0.63,0.6420722272872925,0.9748,0.1251383554443717,0.7672105829238891
396,0.6259,0.6433960181236267,0.9864,0.043329770022071896,0.6867257876396179,0.6312,0.6504159085273743,0.9764,0.11144065685123206,0.7618565663337707
397,0.6425,0.6399567293167114,0.9891,0.04428812792785466,0.6842448575973511,0.6172,0.6459087731361389,0.9748,0.13446458313688636,0.7803733542442322
398,0.6355,0.6452451536178588,0.9871,0.044783045588294046,0.6900281978607178,0.6332,0.6624903324127197,0.9736,0.13810995882451535,0.8006002883911133
399,0.6373,0.644365109539032,0.9878,0.04062193313078023,0.6849870435714722,0.6296,0.6397592511177063,0.9728,0.15224873249828816,0.7920079904556274
400,0.6381,0.6315310403823853,0.9881,0.03822571557881311,0.6697567551612854,0.6276,0.6560502826690674,0.9736,0.1315268782922998,0.7875771611213684
401,0.6244,0.6473058176040649,0.9893,0.03644661708152853,0.6837524350166321,0.6204,0.6565176998138428,0.9732,0.13428714142441753,0.790804843711853
402,0.6328,0.6357258358955383,0.99,0.037837046285392716,0.6735628825187683,0.6248,0.6386825703620911,0.974,0.13928947847671808,0.7779720469474792
403,0.6175,0.6441393433570862,0.9858,0.04437541931758169,0.6885147631645203,0.6084,0.6528149537086487,0.9724,0.13944318148288876,0.7922581336021424
404,0.6367,0.6376698808670044,0.9879,0.036681564405560495,0.6743514470100402,0.644,0.6371921657562256,0.9724,0.13677587916739284,0.7739680393218994
405,0.6253,0.6461568887710571,0.9896,0.037562959050998324,0.6837198471069336,0.5968,0.6614626601219177,0.9716,0.14351700261775405,0.8049796621799469
406,0.6234,0.6469797481536865,0.9851,0.04633140870435164,0.6933111570358277,0.6376,0.6305392776489258,0.9744,0.12823169233519585,0.7587709712982178
407,0.6323,0.636807159614563,0.9895,0.03730523486810271,0.6741123942375183,0.6208,0.6506267534255982,0.9752,0.1324281702272594,0.7830549203872681
408,0.6296,0.6458470217704773,0.9861,0.04414856302840635,0.6899955845832825,0.632,0.6441019640922546,0.9764,0.13132885862290858,0.775430822277069
409,0.6298,0.6478106833457947,0.9872,0.041380705025605855,0.689191388130188,0.622,0.6570795726776123,0.9768,0.12562395262783393,0.7827035243988038
410,0.633,0.6380098268508911,0.9896,0.041364504033559936,0.6793743286132813,0.6332,0.6399154340744019,0.976,0.12585039059995615,0.7657658278465271
411,0.6242,0.6471799005508423,0.9891,0.03599724314583,0.6831771429061889,0.628,0.6515014205932618,0.9796,0.12275530485129565,0.7742567260742188
412,0.6361,0.6420964925765992,0.9902,0.03135668944218196,0.6734531827926635,0.6224,0.6601875341415405,0.9748,0.1387939961167751,0.7989815328598022
413,0.6274,0.646744986820221,0.9879,0.0385620418486651,0.6853070298194885,0.6288,0.6365912767410278,0.9756,0.14441470075361432,0.7810059799194335
414,0.619,0.6409283940315247,0.9866,0.03898359838000033,0.679911991596222,0.6192,0.6428333685874938,0.9764,0.1479510072363075,0.7907843766212463
415,0.6142,0.6444326314926148,0.9897,0.03843166444881353,0.6828642943382263,0.6168,0.650136165189743,0.9744,0.14522338234893978,0.7953595462322235
416,0.6271,0.6437383696556092,0.9878,0.044859529300965366,0.6885978994369507,0.6476,0.638393835067749,0.9768,0.13244893497964372,0.7708427717208862
417,0.6472,0.6301571278572082,0.9885,0.0381762663057074,0.6683333936691285,0.5996,0.664143191242218,0.9744,0.13697602270804346,0.8011192122459412
418,0.6133,0.6482445537567139,0.9871,0.0405949805621407,0.6888395344734192,0.6248,0.6536538455963135,0.9736,0.14679611949450336,0.8004499680519104
419,0.6359,0.6383794078826904,0.9874,0.04468652789627085,0.6830659359931945,0.6192,0.6556613399505615,0.9736,0.13510252415370197,0.7907638632297516
420,0.632,0.6449318912506103,0.9869,0.04514285436412319,0.690074746799469,0.6276,0.6411717071533203,0.9736,0.13181214785345363,0.7729838578224182
421,0.6336,0.6397067363262177,0.9874,0.038320620196149686,0.6780273562431336,0.6132,0.6617046431541442,0.9756,0.14471944503490813,0.8064240940093994
422,0.6313,0.6430157937049866,0.9897,0.03387517697736621,0.67689097032547,0.6292,0.6424662088394165,0.9748,0.1304417374325916,0.7729079447746277
423,0.6334,0.6379690344810486,0.9899,0.03363217764014844,0.6716012123107911,0.6476,0.6344115324020386,0.9736,0.14701931018584655,0.7814308369636536
424,0.6347,0.6409236421585083,0.988,0.04045767709142528,0.6813813196182251,0.6268,0.6495325010299683,0.9704,0.143732930132607,0.7932654339790344
425,0.6269,0.650361526298523,0.9889,0.039310870994091966,0.6896723956108093,0.6076,0.6670869428634644,0.9724,0.1557565873933956,0.8228435332298278
426,0.5977,0.6678948148727417,0.985,0.050806995484247455,0.7187018098831177,0.6208,0.6504261033058166,0.974,0.14692315266366787,0.7973492565155029
427,0.6173,0.6538084640502929,0.9841,0.04969691519876942,0.703505380821228,0.6,0.672781294631958,0.9704,0.170439349022368,0.84322064037323
428,0.6176,0.650292163848877,0.9866,0.03987002955363132,0.6901621934890747,0.6024,0.6723987112045288,0.972,0.15694848726945929,0.8293471925735474
429,0.6134,0.6530407897949219,0.9858,0.04282815390790347,0.695868943977356,0.624,0.6389362298965454,0.974,0.15580129383471802,0.794737518119812
430,0.625,0.6373533686637879,0.9884,0.04084086267645471,0.678194232749939,0.612,0.6455890613555908,0.9732,0.15899065561456663,0.8045797141075134
431,0.6276,0.6480494255065918,0.9873,0.044804853077419105,0.6928542779922485,0.6268,0.6427170001983643,0.9716,0.1550337214134634,0.7977507200241089
432,0.622,0.6493618498802185,0.9843,0.053997639182116836,0.703359489440918,0.6164,0.6510488035202027,0.9712,0.15409613714069129,0.8051449412345886
433,0.6381,0.6435610183715821,0.9885,0.04217137870453298,0.6857323970794678,0.6248,0.6542192193984986,0.9736,0.1531992286797613,0.807418445110321
434,0.6284,0.6458946603775024,0.9894,0.03883483364938293,0.6847294939041138,0.6212,0.6405500802993774,0.9708,0.1674050252482295,0.8079551033973694
435,0.6362,0.6388568236351013,0.9877,0.03969225621225996,0.6785490793228149,0.6332,0.6414092041969299,0.9744,0.13314116144409635,0.77455036444664
436,0.635,0.6367084250450135,0.989,0.03503593093145173,0.6717443558692933,0.6208,0.6495619459152222,0.9732,0.14506139194296266,0.7946233415126801
437,0.6394,0.6411219982147217,0.9881,0.044628654684638606,0.6857506530761719,0.6144,0.6636288472175598,0.972,0.15869105410560733,0.8223199010848999
438,0.6254,0.6388499662399292,0.9875,0.03938120826056693,0.6782311744689942,0.6436,0.6432035583496094,0.972,0.14761924096811563,0.7908228006362915
439,0.6378,0.643257405757904,0.9887,0.036283041050145404,0.6795404453277588,0.6488,0.6394559193611145,0.9756,0.14625952103249729,0.7857154395103455
440,0.6471,0.6332086590766907,0.9872,0.043640811662911436,0.6768494689941407,0.6524,0.6293086296081543,0.9712,0.144467793273228,0.7737764169692993
441,0.6383,0.6474076596260071,0.9894,0.03969094306016341,0.6870986057281494,0.632,0.646843907546997,0.9708,0.16902892200204078,0.8158728308677673
442,0.6276,0.6446948450088501,0.9885,0.03851359531957423,0.6832084422111511,0.6312,0.6469788278579712,0.9744,0.14573984999714884,0.7927186816215516
443,0.6211,0.6443613602638245,0.9882,0.03650929706158349,0.6808706591606141,0.6288,0.6359949338912964,0.9728,0.15916139743917737,0.7951563297271729
444,0.6189,0.6432763394355774,0.9893,0.036706619757739825,0.6799829592704772,0.6352,0.640276344871521,0.9672,0.16853340741721914,0.8088097511291504
445,0.6095,0.6462343127250672,0.9872,0.04323957276688889,0.6894738849639892,0.6128,0.6403588109970093,0.9724,0.14661203606948256,0.786970844745636
446,0.6229,0.6421567185401916,0.9899,0.035817055062856526,0.6779737729072571,0.65,0.6379932785034179,0.972,0.15034754149733925,0.7883408213138581
447,0.6146,0.644064536857605,0.9894,0.037908822488458824,0.6819733592033386,0.6268,0.6447389245033264,0.9732,0.1423738960293123,0.7871128225326538
448,0.6128,0.6516232494354248,0.9873,0.039465494333859534,0.6910887447357178,0.6496,0.6349398016929626,0.9744,0.1443906344987452,0.7793304359436035
449,0.6196,0.6480252681732178,0.99,0.03481167664788663,0.6828369449615479,0.638,0.6409633184432983,0.9708,0.13325470518982038,0.7742180252075195
450,0.6156,0.6464247182846069,0.9892,0.03573594635240734,0.6821606643676758,0.6348,0.6395385763168335,0.974,0.1312377945037559,0.7707763694763183
451,0.6352,0.6379438724517822,0.9901,0.033752300307154655,0.6716961724281311,0.6148,0.6475728019714355,0.9764,0.13247662383317974,0.7800494238853455
452,0.6195,0.6482195120811463,0.9884,0.036679531471803785,0.6848990427970886,0.6236,0.6457057655334473,0.9724,0.15069915058873606,0.7964049191474915
453,0.5993,0.6542603336334228,0.9883,0.03740006678854115,0.6916603988647461,0.6372,0.6345539047241211,0.9724,0.14279616181589663,0.7773500640869141
454,0.6289,0.6363676280975342,0.9898,0.03693158175940625,0.6732992090225219,0.6264,0.6437043360710144,0.9752,0.1306841357119847,0.7743884715080261
455,0.6201,0.6437594627380371,0.9908,0.03299260580725968,0.6767520706176757,0.6288,0.6397733085632324,0.9756,0.12590810682233422,0.765681418132782
456,0.6205,0.6450846265792847,0.9911,0.03244566828017123,0.6775302943229675,0.626,0.6467390172958374,0.9756,0.13440821347944437,0.7811472295761108
457,0.631,0.6428811855316162,0.9905,0.03172597437696532,0.6746071592330932,0.602,0.6630200989723205,0.9736,0.1499605045925826,0.8129806045532226
458,0.614,0.6504453417778016,0.9898,0.03660601926052477,0.6870513593673706,0.63,0.638629887008667,0.972,0.16287236670652638,0.8015022527694702
459,0.5988,0.655099303150177,0.9886,0.04005458836778998,0.6951538913726807,0.5936,0.6589095056533814,0.9736,0.14793288123817766,0.8068423858642578
460,0.5984,0.6580462930679322,0.988,0.04141040908740833,0.6994567036628723,0.6036,0.656307027053833,0.9716,0.1529834843106568,0.8092905080795288
461,0.6027,0.6544604299545288,0.9887,0.038746890277555214,0.6932073189735413,0.5916,0.6559264831542969,0.972,0.155534000646323,0.8114604838371277
462,0.6011,0.6595738659858703,0.9913,0.03396310353735462,0.6935369694709778,0.5964,0.6566837633132935,0.972,0.1560282527849078,0.8127120168685913
463,0.6016,0.6629880831718444,0.9903,0.031207360388292,0.6941954424858093,0.6108,0.6561939826965332,0.972,0.1550279425032437,0.8112219251632691
464,0.6103,0.6544607571601868,0.9897,0.038168631385453046,0.6926293886184692,0.6184,0.6447680181503296,0.9744,0.14495778296012432,0.789725799369812
465,0.6156,0.6521477281570435,0.9898,0.03690117202159017,0.6890488998413086,0.6352,0.6381685919761658,0.9756,0.149196650883439,0.7873652422904969
466,0.6099,0.6571764217376709,0.99,0.03354692149898037,0.6907233425140381,0.6196,0.6581191009521484,0.9728,0.14970795419635252,0.8078270599365235
467,0.6001,0.6612709434509277,0.9901,0.0356413171385997,0.6969122620582581,0.6348,0.6449263944625855,0.9748,0.13458295262642206,0.7795093474388123
468,0.6145,0.6556723791122436,0.9906,0.03303980258875527,0.6887121810913086,0.6488,0.6444668051719665,0.9728,0.16189386252058902,0.8063606662750245
469,0.6214,0.6503383362770081,0.9888,0.03826190161001868,0.6886002368927002,0.6064,0.6583241787910461,0.974,0.16086774954311603,0.8191919340133667
470,0.6013,0.6566204326629639,0.9896,0.03568029104115558,0.6923007219791413,0.6296,0.6459642009735107,0.9696,0.16856483961842023,0.8145290395736694
471,0.61,0.6540437492370605,0.9909,0.03243030029349029,0.6864740495681763,0.6036,0.6564250078201294,0.972,0.15092096133828165,0.807345971107483
472,0.6023,0.6587364339828491,0.989,0.035131235005904454,0.6938676690101624,0.6132,0.6490391672134399,0.9708,0.15924141385333787,0.8082805799484253
473,0.6017,0.6605156969070435,0.9913,0.032585642066015864,0.6931013380050659,0.5904,0.6580304378509522,0.9704,0.16637213660925626,0.8244025748252869
474,0.6225,0.6506508121490479,0.9901,0.030153450156757026,0.680804259777069,0.63,0.6418081551551819,0.9712,0.1695313565488439,0.8113395125865936
475,0.6177,0.6481253602981567,0.9903,0.034479510947386736,0.6826048724174499,0.616,0.6497707239151,0.9724,0.16624521069109324,0.8160159356117248
476,0.6274,0.6437448169708252,0.99,0.033263174291467294,0.6770079918861389,0.6184,0.6484563505172729,0.9724,0.15785288379974663,0.8063092346191406
477,0.6201,0.6524622919082642,0.9881,0.038920101782638813,0.6913823939323426,0.6376,0.6477359302520752,0.9752,0.15326032900540157,0.8009962579250336
478,0.6239,0.648240529346466,0.9913,0.03173422884574393,0.6799747575759888,0.6092,0.6570619123458862,0.9744,0.1425603856557049,0.7996222953796387
479,0.6106,0.6527013677597046,0.99,0.03555950563047081,0.688260873413086,0.6088,0.6487731122016906,0.972,0.14541357304183766,0.7941866866111755
480,0.6197,0.6435181607246399,0.9885,0.037826999585330486,0.6813451597213745,0.5864,0.6666717576980591,0.9752,0.14021488245748914,0.8068866394996643
481,0.6173,0.646352121925354,0.9912,0.03005132230906747,0.6764034451484681,0.6036,0.6424828674316406,0.9744,0.14937014043815589,0.7918530072212219
482,0.6015,0.6543303330421448,0.9904,0.035248285641008986,0.6895786176681519,0.5972,0.6620601438522339,0.9764,0.12772864528493955,0.7897887864112854
483,0.6018,0.6624619552612304,0.9901,0.037552459750138226,0.7000144126892089,0.6032,0.657822382926941,0.9744,0.1307899711433798,0.7886123598575592
484,0.6188,0.6487512729644775,0.9881,0.03844025218787137,0.6871915236473084,0.628,0.6476404630661011,0.9708,0.13943233765860788,0.7870728008270264
485,0.6287,0.6470290365219116,0.9917,0.03133409626432695,0.6783631316184997,0.6072,0.6597899675369263,0.9716,0.14717307824008166,0.8069630470275879
486,0.6239,0.6515670082092285,0.9896,0.03543294347040355,0.686999951171875,0.6216,0.6566474214553834,0.9716,0.15063869344331324,0.8072861174583436
487,0.6275,0.6495469512939454,0.9884,0.039612534802779556,0.6891594847679138,0.6356,0.6330273922920227,0.9724,0.1520389215629548,0.7850663136482239
488,0.634,0.6442181251525879,0.9899,0.03607983246215735,0.6802979575157165,0.626,0.6563873199462891,0.9712,0.1596797922998201,0.816067112159729
489,0.6158,0.6544987158775329,0.9901,0.03480170161666465,0.6893004167556762,0.6252,0.6435816087722779,0.9716,0.16611919830273836,0.8097008096694946
490,0.6289,0.6445472348213196,0.9892,0.03503267681582365,0.6795799133300782,0.5976,0.6596246908187866,0.9716,0.15808256286324468,0.8177072492599488
491,0.6179,0.64797457447052,0.9889,0.038232635300583205,0.686207208442688,0.6308,0.6467810544967652,0.9704,0.17260015642739018,0.819381210231781
492,0.6174,0.6519088724136353,0.9895,0.035786604578490366,0.6876954769134521,0.6064,0.6602290178298951,0.9716,0.16094646887034178,0.8211754877090454
493,0.6342,0.6442929957389831,0.9876,0.03948505000467703,0.6837780460357666,0.6232,0.6473246379852295,0.9728,0.15884673901572824,0.8061713778495788
494,0.6022,0.6607733777999878,0.9894,0.03845848463084549,0.6992318596839905,0.5984,0.6648476368904114,0.972,0.15928669253904373,0.8241343293190002
495,0.6108,0.6559919010162354,0.9886,0.03694374397653155,0.6929356447219849,0.5984,0.664559732913971,0.9732,0.16516408765912055,0.8297238227844238
496,0.6079,0.6616185724258423,0.991,0.032233253456302915,0.6938518248558044,0.5908,0.673078687286377,0.9732,0.15716856578439475,0.830247257232666
497,0.614,0.6505674340248108,0.9889,0.03706116875021253,0.6876286043167115,0.6004,0.6605285438537598,0.9752,0.14712148171304726,0.8076500231742859
498,0.6062,0.6575994632720947,0.9891,0.03624431430089753,0.6938437767028809,0.6104,0.6572555728912354,0.9744,0.15338239954411984,0.8106379726409912
499,0.6064,0.6528625943183899,0.9904,0.03230174662623322,0.6851643420219421,0.6332,0.6413719348907471,0.974,0.1682250565070659,0.8095969935417175
