epoch,domain_classifier_acc,domain_classifier_loss,label_predictor_acc,label_predictor_loss,loss,val_domain_classifier_acc,val_domain_classifier_loss,val_label_predictor_acc,val_label_predictor_loss,val_loss
0,0.9178,0.21403032213449477,0.5044,1.5246541443824768,1.7386844665527343,0.9856,0.08771585943698883,0.8428,0.6463878421783448,0.7341037017822266
1,0.987,0.06338220494389533,0.8471,0.5671073486804962,0.6304895552635192,0.9904,0.06070764422416687,0.8684,0.5136969747543335,0.5744046194076539
2,0.9845,0.056934768664836884,0.8661,0.45690677959918974,0.5138415482521057,0.972,0.09535964957475662,0.8564,0.5018329906463623,0.5971926383018493
3,0.9635,0.11201222178339958,0.8826,0.4162703248023987,0.5282825468540192,0.778,0.4289295416355133,0.8764,0.5219136525467039,0.9508431939840317
4,0.9103,0.23170448939800262,0.8851,0.4369403689146042,0.66864485912323,0.8772,0.34063888540267945,0.8552,0.6319456605911254,0.9725845393180848
5,0.8822,0.7990463681936264,0.7915,0.8781097967624665,1.677156162905693,0.9912,0.09123884680867195,0.8676,0.47972696640491486,0.5709658145427704
6,0.9773,0.09088611561059952,0.8805,0.4146605713844299,0.5055466861724853,0.756,0.4770859258890152,0.8408,0.5651949652194976,1.04228089094162
7,0.8703,0.3176135535240173,0.8781,0.4548215985774994,0.7724351512908936,0.5876,0.5768831240177155,0.8632,0.5517909381866455,1.1286740640640258
8,0.9133,0.2744452069759369,0.8735,0.4648644319534302,0.7393096399307251,0.8488,0.42135112075805664,0.8728,0.5374652820587158,0.9588164031982422
9,0.9436,0.21976981353759767,0.8859,0.4163033004283905,0.6360731136798858,0.9168,0.2763558958530426,0.8716,0.4737401141166687,0.7500960111618042
10,0.9563,0.18650873205661775,0.8854,0.42013273944854734,0.6066414704799652,0.9336,0.310019873714447,0.8748,0.5326468173027039,0.8426666913986206
11,0.959,0.17008862991333007,0.8932,0.39388689618110656,0.5639755252838135,0.9188,0.2722298204898834,0.866,0.5400132201433182,0.8122430404663086
12,0.9493,0.17144901727437972,0.8874,0.40703221759796143,0.5784812339782714,0.9304,0.27042962000370024,0.8768,0.48567665672302246,0.7561062751770019
13,0.9427,0.1816202834010124,0.8917,0.39247069640159604,0.574090980052948,0.9008,0.29815418529510496,0.8728,0.44906788868904113,0.7472220699310302
14,0.9366,0.19173793756961824,0.881,0.41350761632919314,0.6052455532073975,0.9056,0.25618470878601074,0.8576,0.5288654411315918,0.7850501502990722
15,0.9275,0.20509583425521852,0.8726,0.4420806317448616,0.647176465511322,0.8804,0.32277050627470016,0.8692,0.4819978595733643,0.80476836643219
16,0.9173,0.22402763488292693,0.8795,0.42805358729362486,0.6520812226295472,0.806,0.38702385835647585,0.8596,0.4760053587913513,0.8630292184829712
17,0.8819,0.2951798253536224,0.8665,0.4582164582014084,0.7533962839126587,0.8656,0.33329878988265993,0.8512,0.5157366158515215,0.8490354038238526
18,0.8171,0.44121899738311765,0.8108,0.6764441766262055,1.1176631750106811,0.8608,0.37624978680610655,0.8396,0.6119089372634887,0.9881587255954742
19,0.8236,0.40340527205467225,0.8348,0.5663775086402894,0.9697827807426452,0.7152,0.5295885873794556,0.8428,0.5289036487579346,1.0584922338485718
20,0.8056,0.4336553587436676,0.8182,0.59682976770401,1.0304851252555847,0.6708,0.6143152832984924,0.8524,0.5421902119636536,1.156505495262146
21,0.7796,0.48552411985397337,0.8,0.6375466039657592,1.1230707235336304,0.7452,0.5316725191116333,0.8564,0.5344451381683349,1.0661176559448242
22,0.8041,0.4442351115226746,0.8469,0.5130332100391388,0.957268321609497,0.598,0.7354612500190735,0.8568,0.5348868760108948,1.2703481267929078
23,0.7713,0.48670416688919066,0.8311,0.5657467796802521,1.0524509481430053,0.6608,0.6292207166671753,0.8088,0.6576106410980225,1.286831365966797
24,0.7732,0.4828819947242737,0.8416,0.5358061264038086,1.0186881185531615,0.6172,0.6451339303016662,0.8384,0.5538818701744079,1.199015797805786
25,0.7652,0.49192066354751585,0.8342,0.5593354389190673,1.0512561019897462,0.7568,0.503995448923111,0.8504,0.5190730941772461,1.0230685388565064
26,0.7619,0.4975216199398041,0.8456,0.5080512495994568,1.0055728677749634,0.6516,0.6361255128860474,0.8424,0.5445783692359925,1.180703881072998
27,0.7394,0.5291068598270416,0.837,0.5375839217662811,1.0666907827377319,0.7692,0.5082626806259155,0.848,0.5271122476577759,1.0353749271392823
28,0.7489,0.5120722357273102,0.8449,0.5105864445209504,1.0226586784362792,0.6088,0.6708749307632447,0.7004,1.0544989574432373,1.7253738893508912
29,0.7284,0.5372241741657257,0.837,0.5366000791072846,1.0738242503166198,0.6736,0.6198663743019104,0.834,0.5951459011077881,1.2150122760772706
30,0.7273,0.5395983997821808,0.8405,0.5314698707580566,1.0710682716369628,0.7324,0.5491446875095367,0.8456,0.5319967916488647,1.0811414783477784
31,0.7111,0.5576647192001343,0.8385,0.5284275717496872,1.0860922883987427,0.5968,0.6919144723892212,0.8488,0.5601959592342377,1.2521104351043701
32,0.7276,0.5432063661575317,0.8508,0.49074959552288056,1.033955962753296,0.5532,0.7526992059707641,0.8356,0.6257196830272674,1.3784188892364502
33,0.7237,0.543931896018982,0.8526,0.49250633382797243,1.0364382286071778,0.7432,0.5371534530639649,0.8516,0.5348888625383377,1.0720423184394836
34,0.715,0.5494541488647461,0.8532,0.49695632898807524,1.0464104782104493,0.6696,0.6065526075363159,0.8388,0.5918354272067546,1.19838803358078
35,0.6951,0.5803344680786133,0.8432,0.5135902817249298,1.0939247476577758,0.5252,0.7054049980640411,0.8352,0.5629041196346283,1.2683091184616089
36,0.685,0.5765931871414185,0.8427,0.5206441058874131,1.0972372919082642,0.6672,0.612849127817154,0.8604,0.49033264492750167,1.1031817700386046
37,0.704,0.5670453018188476,0.8533,0.48456529150009153,1.051610598564148,0.5572,0.6712774621963501,0.8344,0.5622236110687255,1.233501069831848
38,0.6886,0.5812331472873687,0.8429,0.5172840351819992,1.0985171845436097,0.5604,0.7573243963241577,0.85,0.5253191569328308,1.2826435485839844
39,0.6841,0.5961185716629028,0.8525,0.4941739469051361,1.0902925189971924,0.6068,0.6682075751304627,0.8312,0.56867354388237,1.2368811193466187
40,0.6869,0.5787382369041443,0.8522,0.4794463225603104,1.058184556388855,0.6676,0.6127364062309265,0.8428,0.5532601068146527,1.1659965113639832
41,0.682,0.5898426218986511,0.8546,0.4821811755180359,1.072023800086975,0.6396,0.622715337562561,0.8572,0.5013851390838623,1.1241004806518555
42,0.6748,0.5926370186805725,0.8484,0.4963389578819275,1.0889759801864625,0.674,0.6052421356201172,0.8632,0.46649355392456054,1.0717356874465942
43,0.6696,0.5953089913368225,0.8566,0.4845189308643341,1.0798279207229615,0.5932,0.6315392059326171,0.846,0.5162958813786507,1.1478350838661193
44,0.6838,0.5872897708892822,0.8576,0.4768341503143311,1.064123921394348,0.6412,0.6685706840038299,0.8596,0.4972298260092735,1.1658005083084106
45,0.6805,0.5886788412094116,0.8569,0.4789259336709976,1.0676047748565674,0.6068,0.642432005405426,0.8544,0.5064557426452637,1.1488877532958985
46,0.6698,0.5972791085243225,0.8561,0.480443042075634,1.0777221500396728,0.644,0.6326304866790772,0.8668,0.4649984570890665,1.0976289443016052
47,0.6704,0.5965119178771973,0.8448,0.5011512500524521,1.0976631681442262,0.6156,0.6550235777854919,0.8496,0.5241291120529175,1.179152688217163
48,0.6906,0.5778088696479797,0.8516,0.4845150279760361,1.0623238981246947,0.6868,0.5880384828567505,0.8592,0.5022852515935898,1.090323733329773
49,0.6874,0.5831988599777221,0.856,0.4686629110097885,1.051861770439148,0.6668,0.6040258674621583,0.8712,0.4644247503042221,1.0684506113052368
50,0.6767,0.5907078511238099,0.8628,0.4604748008012772,1.051182651901245,0.6472,0.622695982170105,0.8608,0.48529870529174807,1.1079946802139282
51,0.68,0.5920116961479187,0.8595,0.4533060195446014,1.0453177171707153,0.6104,0.6540245845794678,0.8456,0.5316682647705078,1.1856928470611572
52,0.6588,0.6075484649658203,0.845,0.5055794321060181,1.1131278953552246,0.5556,0.6641813124179841,0.8488,0.5123909584879875,1.1765722695827485
53,0.6786,0.5966523740768432,0.8569,0.4736199350833893,1.0702723083496093,0.6652,0.6069774150848388,0.8564,0.5022762402772903,1.1092536549568177
54,0.6704,0.5975993105888366,0.8547,0.472252138376236,1.0698514492034912,0.596,0.6498377040863037,0.848,0.5089648572921753,1.1588025609970092
55,0.6603,0.6101002055168152,0.8576,0.4692830668449402,1.0793832723617554,0.6408,0.6287331739425659,0.8612,0.48621253304481504,1.1149457048416138
56,0.6693,0.5981193746566772,0.8574,0.46439087290763853,1.0625102447509767,0.612,0.6516209557056427,0.8472,0.5648392748832702,1.2164602361679078
57,0.6766,0.5922883099555969,0.8592,0.4574775938510895,1.0497659008026123,0.5884,0.6725269667625428,0.8608,0.4738578085899353,1.1463847801208495
58,0.6701,0.5968245076179505,0.8589,0.4513268699645996,1.048151375770569,0.6004,0.6577598947525024,0.8568,0.5128503787994385,1.170610270500183
59,0.6549,0.6108678612709045,0.8524,0.4772445304632187,1.0881123947143554,0.652,0.6358282865524292,0.8512,0.5386163941383362,1.1744446799278259
60,0.6714,0.5971975131988525,0.8579,0.4578240934371948,1.0550216073989869,0.5276,0.7284666730880738,0.8524,0.48954738545417786,1.2180140563964843
61,0.659,0.610363491821289,0.8619,0.4506843727111816,1.0610478662490845,0.7008,0.579804612827301,0.8556,0.4997975619316101,1.0796021781921388
62,0.6524,0.6190340799331665,0.8451,0.5158930986046791,1.1349271787643433,0.606,0.6590638038635254,0.8532,0.5163221769332885,1.175385978126526
63,0.6675,0.6012826835632324,0.8537,0.4635584450006485,1.0648411289215087,0.5744,0.6705528896331787,0.856,0.49056193504333495,1.1611148277282715
64,0.677,0.6009931678771973,0.8591,0.4581491266965866,1.059142290878296,0.6688,0.6069284457206726,0.8536,0.5042020130872726,1.111130464553833
65,0.6654,0.6038847066402435,0.8593,0.4583684276759625,1.0622531311035157,0.7012,0.570484899520874,0.8688,0.4594216506361961,1.0299065502166749
66,0.676,0.590438908290863,0.8694,0.43154284358024597,1.021981754875183,0.5936,0.6599008396148681,0.8568,0.4914005331039429,1.1513013746261596
67,0.6537,0.6098610147476197,0.8603,0.4548249749183655,1.0646859912872315,0.6344,0.633148090171814,0.856,0.47088764476776124,1.1040357316970826
68,0.6813,0.593300041103363,0.8703,0.41698299033641817,1.0102830320358276,0.5956,0.6640126327514648,0.8584,0.512063364648819,1.1760759943008423
69,0.6521,0.6133486681938172,0.8525,0.4657534894704819,1.0791021547317505,0.6392,0.6349885743141175,0.872,0.4584727207183838,1.0934612911224366
70,0.6673,0.6020035391807557,0.8665,0.4338954417705536,1.0358989771842957,0.6292,0.6411076469421386,0.8608,0.48152974871098997,1.1226373983383178
71,0.6574,0.6095425691127777,0.8587,0.4620448173761368,1.0715873865127563,0.564,0.6767768228530884,0.8672,0.46356734790802,1.1403441705703736
72,0.6621,0.6104258357048035,0.8598,0.4446599177837372,1.0550857535362244,0.6136,0.6416694263458252,0.8636,0.4735249150574207,1.1151943368911743
73,0.6559,0.6113523238182068,0.8668,0.44289326380491256,1.0542455885887145,0.63,0.639578128528595,0.8444,0.5831055087566376,1.2226836349487304
74,0.6643,0.6059668748855591,0.8578,0.4598861281275749,1.0658530045509338,0.5792,0.6820791337966919,0.86,0.48674495716094973,1.1688240907669067
75,0.6731,0.5981938191413879,0.8666,0.42344308121204377,1.0216368995666505,0.6048,0.6410116961479188,0.8492,0.5086815181732178,1.149693214416504
76,0.674,0.6018107267379761,0.8699,0.4267222996592522,1.028533024597168,0.6796,0.6069541505813598,0.862,0.47718857078552246,1.084142721939087
77,0.6627,0.6072234473705291,0.8659,0.4383191826105118,1.045542630004883,0.5988,0.6828076677322388,0.8628,0.46086862297058107,1.1436762916564942
78,0.6588,0.607719450378418,0.8668,0.4377974060535431,1.045516854095459,0.59,0.6681435765743255,0.86,0.47021870288848877,1.1383622760772705
79,0.6544,0.6152638607025146,0.8671,0.4400969777584076,1.0553608383178712,0.6888,0.6012141433715821,0.8648,0.47835581930577753,1.0795699662208558
80,0.6541,0.6133964380264282,0.8661,0.43294800684452056,1.0463444427490234,0.5464,0.7447835257530212,0.8312,0.6100960130691528,1.35487954788208
81,0.6514,0.6131997937202454,0.8685,0.43331405827999114,1.0465138483047485,0.6764,0.6101817175865173,0.8728,0.46877469215393064,1.078956410217285
82,0.6721,0.6029885340690613,0.8676,0.4259424310207367,1.028930969429016,0.5948,0.6536544055938721,0.8664,0.4583093858718872,1.11196378364563
83,0.6409,0.6216034319877625,0.8742,0.41794467277526853,1.0395481042861938,0.5956,0.6544460039138794,0.8744,0.4419708534240723,1.0964168529510498
84,0.6464,0.6189731079101563,0.8665,0.43789348759651187,1.0568665939331054,0.5904,0.6587645782470704,0.8448,0.5290830681800842,1.1878476426124573
85,0.6492,0.6152008013725281,0.8648,0.43750551466941834,1.0527063155174254,0.5852,0.6644440319061279,0.8628,0.4820297534942627,1.1464737831115723
86,0.6565,0.6145811034202575,0.8679,0.43037096815109255,1.0449520727157593,0.618,0.6465796068191528,0.8544,0.5290490019321442,1.1756286098480224
87,0.6377,0.6314648407936096,0.8626,0.45168991601467134,1.0831547554016114,0.5932,0.6618043548583984,0.856,0.49189615013599397,1.1537005105018616
88,0.6461,0.6185458436012268,0.8627,0.44760147087574004,1.066147313117981,0.6284,0.6447938416004181,0.8736,0.45856506426930427,1.103358899974823
89,0.6539,0.6162137996673585,0.8699,0.43031193363666537,1.0465257349014283,0.6296,0.6487015496253967,0.8444,0.5662463205337525,1.2149478793144226
90,0.6427,0.6226506617546081,0.8581,0.4680682582139969,1.0907189208984376,0.6664,0.6139664109230042,0.8676,0.456054242348671,1.070020656299591
91,0.6596,0.6084775169372558,0.8664,0.42890495321750643,1.037382471370697,0.6396,0.6320888324737549,0.8712,0.45339084920883177,1.0854796812057494
92,0.6573,0.6115326486587525,0.871,0.41668527171611786,1.02821791973114,0.5644,0.6741307871818543,0.8488,0.5171492243766784,1.191280011177063
93,0.656,0.6112437955856324,0.8752,0.4143335928201675,1.0255773885726929,0.6628,0.6228225173950195,0.8608,0.4915440173149109,1.1143665336608888
94,0.6469,0.617464201259613,0.8722,0.4172712524652481,1.0347354528427124,0.6124,0.6368151236534119,0.8628,0.46484479417800906,1.1016599201202393
95,0.6645,0.6016658969879151,0.869,0.42105557860136034,1.0227214794158936,0.7056,0.5769091013908386,0.8688,0.45831369443684816,1.0352227968215943
96,0.6532,0.6184667254447938,0.8624,0.4467653027653694,1.0652320293426514,0.6368,0.6357352190971375,0.854,0.5007334985822439,1.1364687148094177
97,0.6501,0.6171474052429199,0.8633,0.4458496608734131,1.0629970651626588,0.5984,0.6502469721794129,0.8584,0.4955769202709198,1.1458238887786865
98,0.6563,0.6139616039276123,0.8626,0.44331775765419007,1.057279361152649,0.6552,0.6276278299331665,0.8608,0.48407728233337405,1.1117051128387452
99,0.659,0.6100450115203857,0.863,0.438086355805397,1.048131369972229,0.5944,0.6579361123085022,0.836,0.5709839782714844,1.2289200927734374
100,0.669,0.6036302558898926,0.8732,0.4070468926787376,1.0106771481513976,0.7176,0.5678243768692016,0.8732,0.4579472839355469,1.0257716619491577
101,0.6576,0.6088222063064576,0.8771,0.40482238739728926,1.0136445920944215,0.6596,0.6161012206077575,0.8756,0.4468760734498501,1.062977290725708
102,0.6599,0.6108148057937622,0.8704,0.4219287936449051,1.0327435998916625,0.5972,0.646105028629303,0.872,0.45138401594161986,1.0974890396118164
103,0.66,0.6102200258255005,0.8691,0.4195942621231079,1.0298142860412598,0.6812,0.5956450720310211,0.8732,0.44187522574663163,1.0375203002929687
104,0.6582,0.6134491457939147,0.8727,0.4101794774532318,1.0236286251068116,0.5572,0.6703131654739379,0.864,0.475623939704895,1.1459370979309083
105,0.6577,0.6086439191818237,0.8723,0.426725270485878,1.0353691890716552,0.6556,0.6132171997070313,0.858,0.48077819105982783,1.0939953881263733
106,0.653,0.6179707520484924,0.8715,0.4180039195656776,1.0359746719360352,0.648,0.621268657207489,0.8724,0.4483381558343768,1.0696068092346191
107,0.6497,0.6196651887893677,0.8662,0.4459474859714508,1.0656126750946044,0.5336,0.7038128372192383,0.866,0.4761926988124847,1.180005546951294
108,0.6371,0.6282009635925293,0.8677,0.42864822885990145,1.0568491909980775,0.6404,0.6299427616119385,0.86,0.47433083019256594,1.1042735877990724
109,0.6548,0.6129313682556152,0.8698,0.43229627585411073,1.0452276432037353,0.6444,0.6399753165721893,0.8344,0.5593356175594032,1.199310934114456
110,0.6514,0.6196115605354309,0.8702,0.430359854722023,1.0499714126586914,0.6388,0.6312701443672181,0.8616,0.488024341390701,1.1192944842338561
111,0.6476,0.6193177759170532,0.8695,0.428426052570343,1.0477438283920288,0.6472,0.6409659753799438,0.8564,0.4977965591177344,1.1387625282287597
112,0.6657,0.6079574171066284,0.87,0.4265960571050644,1.0345534715652467,0.608,0.6628038148880004,0.824,0.6188011370778084,1.2816049546241761
113,0.6534,0.6156601850509643,0.8669,0.4337808630228043,1.049441049003601,0.6648,0.6134381412506104,0.8664,0.4790369867324829,1.0924751308441163
114,0.6574,0.6157461047172547,0.8759,0.4117829869747162,1.027529093360901,0.5568,0.6804738704681397,0.8552,0.49859349024295807,1.179067354774475
115,0.6476,0.6238824666023255,0.8664,0.43613304991722107,1.0600155163764953,0.6668,0.632071500968933,0.872,0.45316172914505004,1.085233235168457
116,0.65,0.6201924070358277,0.8657,0.4395282596588135,1.059720667552948,0.63,0.642176257610321,0.8608,0.48570400104522704,1.1278802551269531
117,0.6713,0.6016316923141479,0.8791,0.4046236567735672,1.006255350971222,0.6196,0.6430265732765198,0.8496,0.5034437427043915,1.146470312690735
118,0.6622,0.6115560205459595,0.8773,0.39248864545822143,1.0040446676254273,0.6408,0.6311823209762574,0.8648,0.47206012612581255,1.103242454814911
119,0.6638,0.6041705653190613,0.8777,0.40177667483091356,1.0059472412109376,0.652,0.624959107208252,0.8732,0.4518877691268921,1.076846872329712
120,0.6618,0.6105112643241882,0.8753,0.4099508446216583,1.0204621063232422,0.6172,0.6518848104476929,0.8496,0.500011973953247,1.1518967838287353
121,0.6658,0.6073966704368591,0.8787,0.3967911026716232,1.0041877756118773,0.5876,0.659633715057373,0.8712,0.45936434071660043,1.1189980611801147
122,0.6504,0.6139398984909058,0.869,0.43106742042303087,1.0450073152542114,0.4952,0.7193310398101807,0.8548,0.5024137072086334,1.2217447515487672
123,0.6506,0.6243710270881653,0.8677,0.4240028972864151,1.0483739238739014,0.582,0.6664216090202332,0.8412,0.5185504563331604,1.1849720594406128
124,0.6659,0.607332412147522,0.8738,0.420152499461174,1.0274849098205567,0.5568,0.7136970039367676,0.87,0.47315205993652343,1.1868490695953369
125,0.6534,0.6172076643943787,0.8736,0.41897985513210295,1.0361875204086304,0.6108,0.6783075819015503,0.87,0.46648784065246585,1.1447954231262207
126,0.645,0.620696187877655,0.8689,0.4365282260417938,1.0572244141578675,0.6076,0.667317720079422,0.8624,0.47202150785923,1.1393392230033874
127,0.6543,0.6150039123535156,0.8692,0.429840141415596,1.0448440530776977,0.5772,0.6705749736785889,0.862,0.46876729993820193,1.139342268371582
128,0.6658,0.6112486714839935,0.8719,0.41852746691703796,1.0297761394500733,0.6204,0.6477969641685486,0.856,0.494147209084034,1.141944175720215
129,0.6558,0.6163453763961791,0.8803,0.40290785081386565,1.019253230190277,0.5692,0.6836631280899048,0.838,0.5698256448745728,1.2534887702941895
130,0.6628,0.6113851786613465,0.8751,0.41229972791671754,1.0236849044799805,0.6232,0.6530872601509095,0.8724,0.45465267264842985,1.1077399311065674
131,0.6615,0.6120225889205932,0.8781,0.39951974872350693,1.011542339515686,0.6756,0.6036404606819152,0.8668,0.45742669839859007,1.061067158126831
132,0.6637,0.6067679785728455,0.8798,0.4001021174669266,1.0068700931549073,0.6156,0.6366054504394532,0.8736,0.4467815252304077,1.083386979675293
133,0.6647,0.6106771097183228,0.8825,0.38127496910095215,0.9919520799636841,0.6004,0.6555877214431762,0.8764,0.44101908798217776,1.0966068056106568
134,0.6649,0.6098925100326538,0.8792,0.3923363624334335,1.002228874015808,0.6168,0.6420423439025879,0.8748,0.4446692446887493,1.0867115872383117
135,0.6564,0.6140818915367127,0.8813,0.39150372613668444,1.0055856174468993,0.6232,0.6553172068595886,0.8468,0.5234804107666016,1.1787976181983948
136,0.6573,0.6171375588417053,0.8701,0.4223497107505798,1.0394872694015502,0.656,0.6199995188713073,0.8684,0.45338476753234863,1.0733842849731445
137,0.6525,0.6203897109031677,0.8702,0.42199409625530243,1.0423838064193724,0.608,0.6466103700637817,0.8732,0.46090835523605345,1.1075187282562255
138,0.6569,0.6135264883995056,0.8724,0.4168942893266678,1.0304207788467408,0.6276,0.6356973026275635,0.8604,0.48236479787826536,1.1180621009826661
139,0.6646,0.6113813668251038,0.8774,0.3919234088897705,1.0033047775268555,0.6036,0.644774623298645,0.8612,0.5017817916870118,1.1465564121246339
140,0.6558,0.6158424577713013,0.8756,0.39991019537448885,1.015752654647827,0.6216,0.6508243646621704,0.8708,0.4699686734199524,1.1207930387496947
141,0.6534,0.6125957543373108,0.8666,0.4236514109373093,1.0362471658706665,0.5936,0.6718058522224426,0.8636,0.46585959405899047,1.1376654481887818
142,0.6536,0.6177986736297607,0.8732,0.4135401844263077,1.0313388610839844,0.5764,0.6660287490844726,0.8672,0.46665730077624323,1.132686046600342
143,0.6624,0.6056416289329529,0.8821,0.3746742853164673,0.9803159120559692,0.6204,0.6517661622047425,0.8696,0.4606198113515973,1.1123859826087952
144,0.6596,0.6089580302238464,0.8858,0.38052650549411776,0.9894845336914062,0.5072,0.7267302103042602,0.8508,0.5013864578843117,1.2281166666984558
145,0.6428,0.6219051531791687,0.8747,0.41172079281806945,1.033625945854187,0.5496,0.6860462780952453,0.8228,0.6262172483444214,1.3122635303497314
146,0.6489,0.6177545758247376,0.8754,0.4134654971241951,1.0312200737953185,0.6248,0.6473295670509338,0.8732,0.44475379829406736,1.092083363342285
147,0.659,0.6112757787704468,0.8839,0.3831437755584717,0.9944195517539978,0.6704,0.6050241881370545,0.8696,0.46219199266433714,1.067216185760498
148,0.6533,0.6211403974533081,0.8812,0.3907882643818855,1.0119286626815795,0.6924,0.5925229690551758,0.862,0.47084776077270507,1.0633707271575927
149,0.6676,0.6081516444206237,0.8824,0.3892020160079002,0.9973536587715149,0.5828,0.6759778735160827,0.8632,0.46633150752186775,1.1423093762397767
150,0.6664,0.6089464853286743,0.8832,0.3735824040412903,0.9825288869857788,0.6804,0.6070134472846985,0.8696,0.4595024146556854,1.0665158590316772
151,0.6626,0.6087509084701538,0.8871,0.37913638867139815,0.9878872966766358,0.5816,0.6778301441192627,0.8644,0.47521707401275637,1.153047220802307
152,0.6601,0.6126054667472839,0.8802,0.39209404175281526,1.0046995080947876,0.4988,0.7935011020660401,0.8376,0.5496477506279945,1.3431488571166992
153,0.654,0.6156869969367981,0.8807,0.3886365286707878,1.0043235255241394,0.6704,0.6071659145355225,0.8684,0.4675516465187073,1.0747175582885742
154,0.6542,0.6131126240730286,0.8793,0.3901004530787468,1.0032130773544312,0.6328,0.6437122461318969,0.8672,0.4659906613826752,1.1097029113769532
155,0.6517,0.6172979344367981,0.8789,0.3817736664533615,0.9990716009140015,0.6056,0.6505755867004395,0.862,0.48249228521585463,1.1330678793907165
156,0.6586,0.6102313126564026,0.8854,0.37976558994054793,0.9899969026565552,0.5936,0.674195966720581,0.8708,0.4554639861345291,1.129659954071045
157,0.6572,0.6148136226654053,0.8817,0.3838590277433395,0.9986726516723633,0.6072,0.6606162111282349,0.864,0.4824154655421153,1.1430316747665406
158,0.6505,0.6148192646980286,0.8826,0.3959071789741516,1.010726446723938,0.6096,0.6475800868988038,0.868,0.4710402268409729,1.1186203113555908
159,0.661,0.6062808083534241,0.8835,0.3870215909957886,0.9933023983955384,0.6544,0.6371258359909058,0.872,0.4563860842704773,1.0935119196891785
160,0.6596,0.6104398677825927,0.8819,0.38998984847068785,1.0004297168731688,0.6228,0.6503628581047058,0.8556,0.49992818069458006,1.1502910419464112
161,0.6522,0.618361614894867,0.8761,0.39943253901004794,1.01779415435791,0.556,0.6998469961166381,0.8672,0.4747377856969833,1.1745847890853882
162,0.6572,0.6150145011901855,0.8768,0.39743378500938414,1.012448286819458,0.6796,0.6042311960220337,0.884,0.4403793028354645,1.0446104986190796
163,0.6637,0.6055743288993836,0.8885,0.37021278872489927,0.9757871166229248,0.5884,0.670902421760559,0.876,0.43981824750900267,1.1107206699371337
164,0.6518,0.615752316570282,0.8898,0.3617353404521942,0.9774876581192017,0.606,0.6558616004943848,0.8588,0.48608447949886324,1.1419460836410522
165,0.6508,0.6144576897621155,0.8826,0.38780578691959383,1.0022634759902953,0.5764,0.6702561760425567,0.8576,0.497192377281189,1.1674485508441925
166,0.6572,0.6102196387290955,0.8829,0.3910888867378235,1.0013085236549377,0.584,0.6724293981552124,0.8624,0.4984830375671387,1.1709124298095703
167,0.6589,0.6118541350364685,0.8855,0.3772585046648979,0.9891126386642456,0.628,0.6423390338897705,0.872,0.4547223358154297,1.0970613750457763
168,0.6482,0.6178604647636413,0.8873,0.37367929606437683,0.9915397602081298,0.5816,0.6624023607254028,0.8448,0.5323918486356736,1.194794216823578
169,0.6481,0.6190486512184143,0.8826,0.3812020486652851,1.000250699043274,0.636,0.6371592551231384,0.8584,0.47876131381988524,1.1159205715179443
170,0.6463,0.6209221541404724,0.8806,0.3913367688477039,1.0122589233398438,0.5672,0.6846019309997559,0.8584,0.4869903162032366,1.1715922428131103
171,0.6489,0.6195493648529052,0.8802,0.39235244567394256,1.011901811313629,0.524,0.6936311700820923,0.8632,0.4744424948215485,1.1680736673355103
172,0.647,0.6190021166801453,0.8731,0.4075954806566238,1.0265975954055786,0.5944,0.6715375272750854,0.8352,0.5627454559326172,1.2342829811096192
173,0.6515,0.6205173254966736,0.8737,0.40744297475814817,1.0279602996826172,0.6156,0.6438238822937011,0.8604,0.4724077967166901,1.116231682395935
174,0.6501,0.6207862476348877,0.8767,0.40484026627540587,1.025626515007019,0.6228,0.6474946887969971,0.868,0.47154250252246854,1.1190371908187866
175,0.6553,0.6142195432662964,0.8852,0.3769294111251831,0.99114895362854,0.6008,0.6534698993682861,0.8768,0.44158259888291357,1.0950524978637695
176,0.6602,0.6145477006912231,0.8823,0.3802578051328659,0.9948055051803589,0.6336,0.6469840520858765,0.8744,0.4629167284879833,1.109900780773163
177,0.6607,0.6119876095771789,0.886,0.37483450326919554,0.9868221128463746,0.692,0.60186813621521,0.8656,0.47368134006820617,1.0755494760513307
178,0.6577,0.6147368582725525,0.8859,0.37924397867918014,0.9939808362960816,0.6464,0.6319492053985596,0.8668,0.4675593572616577,1.0995085628509522
179,0.6508,0.6190173272132874,0.8886,0.3682442180395126,0.9872615425109863,0.5876,0.6860640330314636,0.862,0.4856969124794006,1.1717609477996827
180,0.6541,0.6169870813369751,0.8768,0.4064878715276718,1.0234749557495118,0.588,0.6645018005371094,0.8712,0.44800881656184793,1.1125106252670287
181,0.6389,0.6246139178276062,0.8814,0.39190347666740416,1.0165173937797547,0.5712,0.697630110168457,0.878,0.450241497951746,1.1478716083526612
182,0.6525,0.6183640477180481,0.8781,0.3862416072130203,1.004605653190613,0.6028,0.6572402244567871,0.8668,0.46304997682571414,1.1202902000427246
183,0.6605,0.613978014087677,0.882,0.38459526222944257,0.9985732789993286,0.6832,0.6171232982635498,0.87,0.4644613581119105,1.081584655380249
184,0.6519,0.6167736589431763,0.8846,0.38418676139116287,1.0009604190826416,0.6324,0.6283899989128113,0.872,0.4465230157852173,1.0749130134582519
185,0.6603,0.6137680599212646,0.8851,0.3741655199944973,0.9879335807800294,0.5584,0.6898909742355347,0.87,0.4468289002418518,1.1367198680877686
186,0.6642,0.6099940811157226,0.8872,0.3678482060670853,0.9778422889709473,0.6836,0.5984923683166504,0.8548,0.5213582073450088,1.1198505729675292
187,0.6386,0.6276512786865235,0.8836,0.3839816402196884,1.0116329195022582,0.5908,0.6659750247955323,0.8592,0.4879965705394745,1.1539715970993043
188,0.6533,0.6169045732498168,0.8786,0.40230203634500505,1.019206609249115,0.6184,0.6483043979644776,0.8716,0.46737647018432615,1.1156808694839477
189,0.6698,0.6058241868972778,0.8886,0.3709652467489243,0.9767894344329834,0.5916,0.6750249792098999,0.8728,0.4565861983537674,1.1316111807823181
190,0.6469,0.618920225429535,0.8856,0.38348599696159363,1.0024062217712402,0.5772,0.6911876551628113,0.8544,0.4910713313996792,1.1822589941978454
191,0.6473,0.6211441703796386,0.8794,0.38365815975666046,1.0048023321151733,0.58,0.6740740633964538,0.8684,0.4664092373140156,1.1404833050727845
192,0.6596,0.61524196434021,0.8861,0.37297001634836197,0.9882119775772095,0.6492,0.6308281993865967,0.8416,0.5510152174472809,1.1818434225082397
193,0.6547,0.6177241209983826,0.8794,0.3933711139202118,1.011095235824585,0.6088,0.6464816199302673,0.876,0.44824376335144045,1.094725382232666
194,0.6555,0.6152349088668824,0.8854,0.3786388760566711,0.9938737844467163,0.6292,0.6407813102722167,0.8716,0.45780762279629705,1.0985889308929444
195,0.6406,0.6273728834152221,0.883,0.37449430207014084,1.0018671842575073,0.63,0.6397487325668335,0.844,0.5205934839725495,1.160342218399048
196,0.658,0.6169632882118226,0.8881,0.367131485247612,0.9840947715759277,0.6564,0.6280927865982056,0.8708,0.46482582937180994,1.0929186170578002
197,0.6472,0.6198343578338623,0.883,0.3746258565425873,0.9944602104187011,0.6244,0.64940600233078,0.87,0.4605185836315155,1.1099245811462402
198,0.6524,0.6169171203613282,0.8872,0.37263856258392336,0.9895556829452514,0.5724,0.6717911558151245,0.8628,0.4861327903747559,1.1579239486694335
199,0.6541,0.6196783473968506,0.8834,0.37272410464286804,0.9924024480819702,0.61,0.644364421081543,0.8708,0.4546721489429474,1.0990365661621093
200,0.6484,0.6213327655792237,0.8889,0.3715522023320198,0.9928849675178528,0.6492,0.6267590314865112,0.8712,0.4501897055387497,1.076948735332489
201,0.6509,0.619105677318573,0.8869,0.37628310935497283,0.9953887874603271,0.6228,0.6561561838150024,0.8656,0.4506632486999035,1.1068194301605225
202,0.6537,0.6140142775535583,0.885,0.37610671483278274,0.9901209922790527,0.634,0.6316120673179626,0.8736,0.45030264718532564,1.0819147110939027
203,0.6457,0.6208518466949463,0.8849,0.3744924201965332,0.9953442671775817,0.5756,0.6735171936035156,0.8576,0.5089557270050049,1.1824729164123535
204,0.6572,0.6173313563346863,0.8912,0.36039170339405535,0.9777230592727661,0.6304,0.6392065952301026,0.862,0.4784132100582123,1.1176198011398315
205,0.6491,0.6166111987113952,0.8836,0.36686032267808916,0.9834715189933777,0.6228,0.6547958471298218,0.8612,0.4735364865779877,1.12833233795166
206,0.6487,0.6210186007499695,0.8871,0.3694871138215065,0.9905057130813598,0.5896,0.6579729390144348,0.8696,0.46247747898101804,1.120450424194336
207,0.6443,0.621871629333496,0.8804,0.38254462062120437,1.0044162508010863,0.674,0.616340495300293,0.8724,0.4467436650276184,1.0630841652870178
208,0.6552,0.6203008037567138,0.8826,0.37851155467033387,0.9988123595237732,0.6148,0.6468855998516083,0.868,0.46215293863471596,1.1090385324001313
209,0.6375,0.6273414769172668,0.8843,0.37560355579853055,1.002945033454895,0.686,0.610099033164978,0.868,0.46319850108698013,1.0732975287437438
210,0.6528,0.6195284032821655,0.8896,0.3600370089530945,0.9795654111862183,0.592,0.671527374458313,0.8616,0.485286998462677,1.1568143705368041
211,0.6448,0.6213257066726685,0.8894,0.3628493547797203,0.9841750616073608,0.582,0.663570838356018,0.8396,0.5431548781394958,1.2067257217407226
212,0.6493,0.6219999727249146,0.8838,0.37444675661325455,0.996446724319458,0.6548,0.618245945930481,0.8796,0.436849342918396,1.055095290374756
213,0.6547,0.6161329711914062,0.8821,0.37688484542369843,0.9930178169250489,0.594,0.6605607093811036,0.8636,0.4627454652786255,1.123306173324585
214,0.6622,0.6124890356063842,0.8935,0.35553477387428284,0.968023811340332,0.5648,0.7007276361465454,0.866,0.4786828425459564,1.179410475063324
215,0.6496,0.618193382358551,0.889,0.3525825781047344,0.970775959777832,0.5468,0.690169017124176,0.8668,0.4626561110258102,1.1528251230239868
216,0.6564,0.6119173614501953,0.8941,0.35120423163175585,0.9631215940475464,0.6148,0.6454614595413208,0.8716,0.4465090951919556,1.091970553779602
217,0.6504,0.6166625046730041,0.8915,0.3574606992840767,0.9741232036590576,0.6688,0.6105390642166137,0.8732,0.454445523917675,1.0649845910072326
218,0.6572,0.6146485213279724,0.8889,0.3609119753837585,0.9755604930877686,0.5992,0.6658445224761963,0.8596,0.4905852374792099,1.1564297613143921
219,0.6432,0.624106392288208,0.8794,0.3925508797049522,1.0166572730064392,0.5868,0.6684701228141785,0.8732,0.4554358430862427,1.1239059631347657
220,0.65,0.6180746318817139,0.8908,0.3600260624408722,0.9781006952285767,0.5704,0.672792641544342,0.8456,0.5097292667210102,1.1825219098091126
221,0.6437,0.6212828001976013,0.8876,0.3624010892212391,0.9836838895797729,0.594,0.6537186895370484,0.8656,0.463002524471283,1.1167212116241456
222,0.6529,0.6187225494384766,0.8949,0.35017604904174804,0.9688985980987549,0.6208,0.6469650730133056,0.8696,0.45121709146499633,1.098182167816162
223,0.6448,0.6211264126777649,0.8833,0.3780301012277603,0.9991565126419067,0.626,0.6492193819999695,0.8736,0.450851966381073,1.100071354675293
224,0.652,0.6195520740509033,0.892,0.35842424598932265,0.9779763214111328,0.6352,0.6314791573524475,0.8792,0.4441526161193848,1.075631778717041
225,0.6391,0.6249131937980652,0.8923,0.35201367434561254,0.9769268740653991,0.586,0.6747556978225708,0.8708,0.45085640029907226,1.1256120973587036
226,0.6546,0.6160398396492004,0.8887,0.35839927372932434,0.9744391143798828,0.668,0.6008495199203491,0.8608,0.49611823835372926,1.0969677612304687
227,0.6505,0.6179366889953614,0.8882,0.36265438049435617,0.9805910697937011,0.5592,0.6847121789932251,0.8792,0.4428748649120331,1.1275870552062988
228,0.656,0.618604767036438,0.885,0.37263183945417405,0.9912366055488586,0.5992,0.6578279705047607,0.8728,0.4405212109275162,1.0983491768836975
229,0.6436,0.6226347821235657,0.8869,0.372767529463768,0.995402310180664,0.616,0.6470988153457642,0.858,0.49787102999687194,1.1449698457717896
230,0.6376,0.6285527986526489,0.8917,0.3615337576627731,0.9900865545272827,0.6392,0.645651584148407,0.8724,0.450628901475668,1.0962804866790772
231,0.6463,0.6274184156417847,0.8906,0.3539772123813629,0.981395626449585,0.6028,0.6544513038635253,0.8692,0.46655767021775246,1.1210089818954467
232,0.6426,0.6237584329605103,0.8914,0.3552253021001816,0.978983734703064,0.6104,0.6473789392471313,0.87,0.45788709442913533,1.1052660328865052
233,0.6486,0.6195033199310302,0.892,0.3547167961359024,0.9742201164245605,0.5768,0.6711695791244506,0.8636,0.4710006772994995,1.1421702661514281
234,0.6546,0.6187148654937744,0.8828,0.37911339726448057,0.9978282623291016,0.6236,0.6476136112213134,0.8764,0.4444150064468384,1.092028614616394
235,0.6553,0.6206337407112121,0.8879,0.36591339980363846,0.9865471398353577,0.5244,0.7354699569702149,0.8648,0.47785874500274655,1.2133286979675293
236,0.641,0.6251911343574524,0.8976,0.3419097162842751,0.9671008501052857,0.5496,0.6892383431434631,0.8696,0.46406536865234377,1.1533037063598632
237,0.6502,0.6187244571685792,0.8914,0.35160143300294877,0.9703258903503418,0.592,0.6814602945327759,0.8776,0.46196726627349854,1.1434275659561157
238,0.6638,0.6133477274894714,0.8903,0.36051127808094025,0.9738590049743653,0.6512,0.619523418712616,0.876,0.4374396255850792,1.056963043308258
239,0.6323,0.6349767988204956,0.8899,0.36277309693694115,0.9977498938560486,0.5904,0.6643914480209351,0.8616,0.47400032573640344,1.138391778755188
240,0.6456,0.6211715934753418,0.8881,0.36123721249103546,0.9824088081359863,0.688,0.6009912957191468,0.8748,0.4423322002410889,1.043323493862152
241,0.6378,0.6290992244720459,0.8857,0.3656069529771805,0.9947061769485473,0.5924,0.662691630935669,0.8712,0.45242881078720093,1.1151204399108887
242,0.6435,0.624884363079071,0.8878,0.36535196096897127,0.9902363242149353,0.654,0.6216698265075684,0.8704,0.4515257336854935,1.0731955582618713
243,0.6543,0.6181582760810852,0.8948,0.33785214039087297,0.9560104164123535,0.5812,0.6896896297454834,0.8696,0.4478569472193718,1.137546576499939
244,0.6438,0.6240396067619324,0.8835,0.3789272822499275,1.0029668893814088,0.5588,0.6903886364936829,0.862,0.49446523485183713,1.1848538698196411
245,0.6535,0.6179950403213501,0.8911,0.3486047060728073,0.9665997482299805,0.5524,0.6990382859230041,0.8608,0.4875068515777588,1.1865451385498047
246,0.6549,0.6143553691864013,0.8905,0.3494022158265114,0.9637575853347778,0.6192,0.6368295553207397,0.8776,0.4453584571838379,1.0821880123138428
247,0.6449,0.6260843622207641,0.8913,0.3523602139115334,0.9784445755004882,0.5928,0.652116329574585,0.8796,0.43918679192960264,1.0913031180381776
248,0.6455,0.6206591836929322,0.8879,0.36101579871177675,0.9816749856948852,0.5956,0.6549711495399475,0.866,0.48609861716032027,1.1410697655677795
249,0.6557,0.6191206047058105,0.8994,0.3364740181922913,0.9555946226119996,0.6676,0.6065916397094726,0.876,0.4468824986187741,1.0534741424560548
250,0.649,0.6187336047172547,0.8912,0.35470860595703124,0.9734422132492065,0.6228,0.6453035022735596,0.8748,0.44003597044926135,1.0853394750595093
251,0.6532,0.6194067008018493,0.8948,0.3426543869495392,0.9620610874176025,0.6196,0.6515757281303406,0.8752,0.4479348239302635,1.0995105580329896
252,0.6521,0.6200546850204468,0.8956,0.344059335565567,0.9641140212059021,0.582,0.6615222894191742,0.8616,0.4867887666106224,1.1483110583305358
253,0.6487,0.6201227741718293,0.8882,0.3619535623788834,0.9820763363838195,0.6108,0.6552560581207275,0.868,0.45784896410703657,1.11310502243042
254,0.6452,0.6236690818786621,0.8886,0.35488245562314985,0.9785515384674073,0.6052,0.658910916185379,0.87,0.4471522186279297,1.1060631374359131
255,0.652,0.6221689956665039,0.8912,0.36243063710927964,0.9845996355056763,0.6152,0.6574271762847901,0.8704,0.4632762582242489,1.1207034331321717
256,0.6436,0.6230857887268066,0.8908,0.34772089245319365,0.9708066808700562,0.5872,0.6696128965377808,0.8744,0.44997759821414945,1.1195904932022094
257,0.6521,0.6171781475067138,0.8957,0.3366171893596649,0.9537953369140625,0.6268,0.6387557735443116,0.8792,0.4384701291322708,1.0772259013175964
258,0.6519,0.6180008212089538,0.8952,0.3503182980418205,0.9683191192626953,0.5884,0.6725882987976074,0.8672,0.4648051899671555,1.1373934844017028
259,0.6514,0.6180842101097107,0.894,0.35472091487050056,0.9728051240921021,0.5816,0.66991550655365,0.8744,0.4527088584303856,1.1226243605613708
260,0.643,0.6256372619628906,0.8946,0.34040134630203245,0.9660386077880859,0.5892,0.6611450323581696,0.8704,0.4488559264719486,1.1100009601593017
261,0.6461,0.6215151840209961,0.8939,0.34639149088859555,0.9679066718101501,0.556,0.692492572593689,0.8596,0.499118749332428,1.1916113162994384
262,0.6389,0.6288727999687195,0.8864,0.37540792804956435,1.004280729007721,0.5568,0.7011262100219726,0.8624,0.47566241989135744,1.1767886207580567
263,0.6516,0.6207305556297302,0.8903,0.3459164771914482,0.9666470333099365,0.5884,0.673648918914795,0.874,0.44820436992645263,1.1218532903671266
264,0.6534,0.62138534450531,0.8921,0.35209775805473326,0.9734831019401551,0.5784,0.6818809370994567,0.8708,0.45922794890403745,1.1411088884353637
265,0.6442,0.6216683456420898,0.8933,0.34665445170402526,0.9683227975845337,0.6144,0.6529835360527039,0.8628,0.45897121974229815,1.111954758644104
266,0.6481,0.6133960771560669,0.8895,0.35517084827423095,0.9685669240951538,0.6128,0.6567133666038513,0.878,0.4432613144185394,1.099974685573578
267,0.6441,0.6218673767089844,0.8942,0.3427713682174683,0.9646387418746948,0.638,0.6463816637039185,0.8708,0.4587865817695856,1.1051682453155518
268,0.6499,0.6234980603218079,0.8947,0.34143838739395144,0.964936449432373,0.5924,0.6768950340270996,0.8696,0.463809857749939,1.1407048883438111
269,0.6521,0.6232101547241211,0.8919,0.35025048271268605,0.9734606403350831,0.6052,0.6538483417510986,0.8676,0.45721372089385987,1.1110620609283448
270,0.6489,0.6205709392547607,0.8967,0.3392919652462006,0.959862904548645,0.608,0.6541194823265075,0.8788,0.4442012731552124,1.0983207542419433
271,0.6593,0.6136231637001037,0.898,0.338527085018158,0.9521502488136292,0.65,0.6257723022460937,0.8744,0.4492052711557597,1.074977573776245
272,0.649,0.6198798442840576,0.8973,0.3457363773703575,0.9656162197113037,0.6,0.6514332405090332,0.8808,0.44657271710634233,1.0980059551239014
273,0.652,0.6220799524307251,0.8903,0.351430171340704,0.9735101229667663,0.5956,0.6731691467761993,0.8648,0.47714040994644163,1.150309563446045
274,0.6563,0.6212601071357727,0.8913,0.3487458296298981,0.9700059356689453,0.6052,0.6497585923194885,0.8788,0.4397455092616379,1.089504100227356
275,0.6413,0.6240829253196716,0.8949,0.34189676212072373,0.9659796887397766,0.6156,0.6442725604057312,0.858,0.499133302000165,1.143405860710144
276,0.642,0.6234726342201233,0.8984,0.33623320525884626,0.959705838394165,0.6052,0.6615712089538575,0.8684,0.47043286332786083,1.132004073047638
277,0.647,0.6235286025047302,0.896,0.34876057016849515,0.9722891723632813,0.6348,0.6418384652137756,0.8768,0.4544761536598206,1.0963146201133729
278,0.65,0.6230474776268006,0.8938,0.34893310110569,0.9719805797576905,0.6048,0.6554503430366516,0.878,0.4489081228017807,1.1043584697723388
279,0.6555,0.6169516166687011,0.8958,0.3369703243970871,0.9539219411849975,0.6628,0.605901506614685,0.8708,0.4498181091785431,1.0557196130752564
280,0.6376,0.623133326625824,0.8947,0.34769824180603026,0.970831569480896,0.6092,0.6574582168579102,0.8692,0.4434244305610657,1.1008826545715331
281,0.6536,0.6180852917671203,0.8939,0.3444066029071808,0.9624918928146362,0.6056,0.6553230450630187,0.8696,0.4613376998305321,1.1166607465744018
282,0.657,0.6142343881607055,0.8954,0.34850213105678557,0.9627365205764771,0.5996,0.6528967727661132,0.8768,0.4273074304521084,1.0802041980743409
283,0.6483,0.6217408925056458,0.8924,0.34271880242824554,0.9644596939086914,0.5956,0.6564902463912964,0.8576,0.4928839329481125,1.1493741724967956
284,0.6478,0.6201631650924683,0.8983,0.33762357910871504,0.9577867429733277,0.5756,0.6743427391052246,0.8636,0.472520697581768,1.1468634346008302
285,0.649,0.6202289959907532,0.8919,0.36004234335422514,0.9802713409423828,0.5972,0.6611551692008972,0.8596,0.4891481939315796,1.1503033579826354
286,0.6438,0.6211284440994262,0.8956,0.34372244322896006,0.9648508857727051,0.5692,0.6970750471115112,0.8748,0.442679682636261,1.1397547351837158
287,0.6515,0.6234639036178589,0.8999,0.3251902662277222,0.9486541715621948,0.5836,0.6692817519187927,0.878,0.43294086163565515,1.1022226178646088
288,0.6454,0.6207598996162415,0.8978,0.33060458225011824,0.9513644798278809,0.606,0.660544852256775,0.8704,0.45878384442329406,1.1193286964416505
289,0.6424,0.624054845714569,0.894,0.34322899087667463,0.9672838384628296,0.6548,0.6181727193832397,0.8596,0.5009796778440475,1.1191523956298828
290,0.6458,0.6243440613746644,0.8946,0.33934014578461646,0.9636842065811158,0.6304,0.6425655504226685,0.8652,0.4592316916465759,1.1017972480773925
291,0.6428,0.624169529914856,0.8999,0.34000084311962125,0.964170373916626,0.5996,0.653713473701477,0.8744,0.45378406410217287,1.1074975323677063
292,0.652,0.6166452618122101,0.8951,0.3407962334036827,0.9574414960861206,0.6288,0.6485118803024292,0.8832,0.4438513741493225,1.0923632556915284
293,0.647,0.6196087873458862,0.8951,0.33862575879395007,0.9582345484733582,0.6052,0.654241024017334,0.8684,0.46811622973680495,1.1223572563171387
294,0.65,0.6208633347511292,0.8952,0.338903253364563,0.9597665870666504,0.6292,0.6441834144592286,0.8744,0.44469670267626643,1.0888801167488098
295,0.6533,0.6170832094192504,0.8964,0.33426929599046706,0.9513525031089782,0.6336,0.6284069661617279,0.876,0.4399849550962448,1.0683919260025025
296,0.6454,0.6233055908203124,0.8948,0.3497343958377838,0.9730399883270263,0.5248,0.7123633083343506,0.866,0.45767182850837707,1.1700351417541504
297,0.6456,0.624534213924408,0.8958,0.34467939286231997,0.969213604927063,0.524,0.7356232845306396,0.8592,0.5047798556327819,1.240403141784668
298,0.6462,0.6199339939117432,0.8976,0.33327818338871,0.9532121745109559,0.6084,0.6577303876876831,0.8704,0.462004169178009,1.119734557723999
299,0.6523,0.6221230676651001,0.8979,0.332007091152668,0.9541301559448242,0.5816,0.6704535628318786,0.88,0.4385074095726013,1.1089609746932982
300,0.6416,0.6261165602684021,0.893,0.3534052441596985,0.9795218069076538,0.5948,0.6637501234054566,0.87,0.46981367364525795,1.133563799762726
301,0.6506,0.6220003296852111,0.8983,0.3415806896686554,0.9635810194015503,0.6108,0.6460176441192627,0.878,0.44211990180015565,1.08813754196167
302,0.6526,0.61861567568779,0.8984,0.3298990976512432,0.9485147733688355,0.622,0.6505071257591247,0.8704,0.44578424713611603,1.0962913743972778
303,0.6535,0.6181901526451111,0.8973,0.32903821038007736,0.9472283644676208,0.654,0.6313268424034119,0.8736,0.44666851673126223,1.0779953560829163
304,0.6447,0.6235459635734558,0.9,0.33263980768918994,0.9561857707977295,0.58,0.6666521308898926,0.8728,0.45329564608335493,1.1199477772712707
305,0.6372,0.626433786201477,0.8964,0.34107247095108034,0.9675062567710876,0.5744,0.6600448003768921,0.8708,0.46489602513313294,1.1249408298492432
306,0.6469,0.6216523571968079,0.8969,0.3287864677548408,0.9504388239860535,0.6,0.6620391894340515,0.8732,0.4524942988753319,1.1145334917068481
307,0.6476,0.6224268836021424,0.8938,0.3442815455555916,0.9667084289550781,0.5892,0.6642736316680908,0.862,0.4731973990917206,1.1374710292816161
308,0.6533,0.6189778277397155,0.8983,0.32825538090467454,0.9472332105636597,0.566,0.6910185769081115,0.858,0.5064193244695664,1.1974379028320312
309,0.6494,0.6225025472640991,0.8955,0.32901577966213225,0.9515183265686035,0.624,0.6456934652328491,0.8724,0.4512073637962341,1.0969008308410644
310,0.6437,0.6219793780326843,0.8997,0.3298192551612854,0.9517986327171326,0.6132,0.6458134831428528,0.876,0.44539115176200866,1.0912046352386475
311,0.6526,0.6208605912208557,0.8972,0.333289111661911,0.9541497040748597,0.6328,0.6469775583267212,0.8724,0.45535735731124877,1.1023349128723146
312,0.6483,0.622855311203003,0.8988,0.33032010505199433,0.9531754163742066,0.5724,0.6785929409980774,0.8612,0.46313483114242554,1.1417277725219726
313,0.6404,0.623781153869629,0.8973,0.33229975078701973,0.9560809076309205,0.58,0.6663993000984192,0.866,0.46448761682510376,1.1308869190216064
314,0.65,0.6201754386901855,0.8881,0.3540764091432095,0.9742518481254577,0.6016,0.6631328791618347,0.8644,0.4741746536463499,1.1373075346946717
315,0.6498,0.6207503387451172,0.9034,0.31881946308612824,0.9395698024749756,0.5852,0.6669281791687012,0.8688,0.45348618475198743,1.1204143617630005
316,0.6461,0.6197269079208374,0.8984,0.3347718957066536,0.9544988048553467,0.638,0.6378940477371216,0.876,0.44711968731880186,1.0850137302398681
317,0.6489,0.6220606315612793,0.8994,0.33131206916570666,0.9533726989746094,0.6216,0.6457530939102173,0.8748,0.4593022860765457,1.1050553768157958
318,0.6427,0.6229748523712159,0.8964,0.33524952969551086,0.9582243835449219,0.6184,0.6479291476249694,0.8756,0.4457173823356628,1.0936465280532837
319,0.6497,0.6198302774429322,0.895,0.34719856241941455,0.967028839302063,0.6096,0.6626672550201416,0.868,0.45657141036987303,1.1192386672019958
320,0.6418,0.6270101477622986,0.8962,0.3391842934012413,0.9661944398880005,0.5856,0.662956937789917,0.8572,0.5121796126365662,1.1751365520477295
321,0.6428,0.6234256769180297,0.8972,0.3347644879102707,0.9581901638031006,0.5552,0.6763274412155151,0.8388,0.5269224678993225,1.2032499126434326
322,0.6544,0.618231192111969,0.9015,0.3159231082379818,0.9341543012619019,0.6072,0.654487921333313,0.8752,0.4574096783399582,1.1118975962638855
323,0.6507,0.6192482586860657,0.8946,0.33007893441915515,0.9493271940231324,0.554,0.6987531558036805,0.8644,0.455219190120697,1.1539723472595216
324,0.6443,0.6257734287261962,0.8898,0.3444441561102867,0.9702175838470459,0.6156,0.6499440317153931,0.8488,0.5397406590223313,1.1896846875190734
325,0.6439,0.62510263671875,0.8909,0.34970985074043276,0.9748124906539917,0.6356,0.6333505748748779,0.8664,0.4611063660144806,1.0944569421768189
326,0.6465,0.621025128364563,0.8987,0.33266639679670335,0.9536915260314941,0.6192,0.6483990577697754,0.872,0.4496692559957504,1.0980683061599732
327,0.6557,0.6147847529411316,0.8949,0.3380182155609131,0.9528029675483703,0.6032,0.6450690055847168,0.8632,0.4752531599998474,1.1203221591949464
328,0.6437,0.629464855480194,0.9019,0.33253850158452986,0.9620033561706542,0.6236,0.6441193015098572,0.8712,0.45275044565200806,1.0968697505950928
329,0.6414,0.62878852186203,0.8959,0.34472095898389815,0.9735094802856445,0.6292,0.6502022100448608,0.868,0.4596442521095276,1.109846457195282
330,0.6324,0.6337224182128907,0.8948,0.34343074365854265,0.977153161239624,0.5564,0.699973275756836,0.8552,0.5123237736225128,1.2122970428466797
331,0.6428,0.6237010095596314,0.8963,0.33754397494792937,0.961244983291626,0.5364,0.6816756531715393,0.8644,0.46001853256225583,1.1416941829681397
332,0.6441,0.62771754322052,0.8994,0.3289776278316975,0.9566951663970947,0.5788,0.6709094179153442,0.862,0.47528912286758423,1.1461985359191895
333,0.652,0.6185502187728882,0.8999,0.3184472587823868,0.9369974779129029,0.6244,0.6452341348648071,0.8624,0.46046824769973754,1.1057023812294007
334,0.6559,0.6175225018501281,0.8931,0.34106102516651154,0.9585835275650024,0.5788,0.6734219429969788,0.8716,0.4634011816173792,1.1368231266975404
335,0.6499,0.6200543721199036,0.8997,0.3294314721465111,0.9494858446121216,0.5504,0.71378419008255,0.8672,0.47285967946052554,1.1866438732147218
336,0.6469,0.6232072951316834,0.8969,0.3363526152729988,0.9595599077224731,0.6084,0.6468931182384491,0.88,0.44969897649288176,1.0965920966148377
337,0.6482,0.6199493453025818,0.8994,0.3275929737925529,0.9475423192977905,0.63,0.6445926354408265,0.8788,0.43951395647525787,1.0841065898895264
338,0.646,0.6228102252960205,0.8983,0.33247235456705093,0.9552825804710389,0.6248,0.6370457397937774,0.872,0.4511899856567383,1.0882357292175293
339,0.6515,0.6174304805755615,0.8997,0.32565631400346756,0.9430867958068848,0.6068,0.6548142368316651,0.872,0.44693592599630355,1.1017501702308654
340,0.6451,0.6240132385253906,0.8962,0.3319374391913414,0.9559506778717041,0.6104,0.6546796815872192,0.868,0.4730511211514473,1.1277308097839356
341,0.6574,0.6161581729412079,0.8982,0.3278505568563938,0.9440087284088134,0.5944,0.6673587300300599,0.8672,0.45974005463123324,1.1270987851142884
342,0.6439,0.6239355833053589,0.8983,0.3239498427152634,0.947885426902771,0.6088,0.6527891783714295,0.8772,0.4475871529996395,1.100376332473755
343,0.6478,0.6145156229972839,0.9021,0.3214952340245247,0.9360108583450317,0.6016,0.6540010065078735,0.864,0.47830585527420044,1.132306856918335
344,0.6434,0.6252010606765747,0.9001,0.3304178367137909,0.9556188989639283,0.5676,0.6954443370819092,0.8504,0.5167416009902954,1.2121859409332276
345,0.6499,0.6253714307785034,0.8962,0.3374736298561096,0.9628450645446778,0.6652,0.6253205902099609,0.8784,0.43167716388702393,1.0569977506637573
346,0.6506,0.6251741891860962,0.899,0.3273788624048233,0.9525530532836914,0.5952,0.6575112810134888,0.8568,0.5023297352313996,1.1598410120010376
347,0.6495,0.6202885917663574,0.9019,0.31082841846346854,0.9311170122146607,0.636,0.6348507169723511,0.8744,0.4443202656686306,1.0791709854125977
348,0.645,0.6238446559906006,0.9004,0.3291725848555565,0.9530172423362732,0.5812,0.6594944187164307,0.8772,0.4414998718738556,1.1009942962646484
349,0.65,0.619499063539505,0.9007,0.31377695204019546,0.9332760137557984,0.6312,0.6494084748268127,0.8648,0.47499112043380737,1.1243995977401733
350,0.6459,0.6233229855537414,0.9057,0.3221818190395832,0.9455048030853271,0.6164,0.6495828408241272,0.8792,0.4484252670288086,1.0980081092834473
351,0.6472,0.6251877135276794,0.8993,0.3237239520072937,0.9489116666793823,0.5976,0.6573476154327392,0.8648,0.4748106062412262,1.1321582204818725
352,0.6491,0.6228560435295105,0.8988,0.3364332707166672,0.9592893129348755,0.594,0.6733640705108642,0.8756,0.4477047281742096,1.1210687950134277
353,0.6592,0.614673201751709,0.897,0.32527589414119723,0.9399490943908692,0.5848,0.6579979427337647,0.844,0.537210922050476,1.1952088579177857
354,0.6381,0.6293837003707886,0.8976,0.3315572126030922,0.9609409115791321,0.6212,0.6367109437942505,0.8704,0.45262850649878383,1.089339449930191
355,0.6439,0.6236788610458374,0.8981,0.3281426037669182,0.9518214636802673,0.5784,0.6733347616195678,0.8764,0.4448454864859581,1.1181802440643311
356,0.6433,0.6264250266075134,0.9019,0.32618043901324273,0.9526054648399354,0.6268,0.6435057419776916,0.878,0.433875160831213,1.0773809001922607
357,0.641,0.6241879402160645,0.9047,0.31711774440407753,0.9413056840896606,0.6128,0.6498883205413818,0.8744,0.4434521795272827,1.0933404985427857
358,0.6484,0.6221030053138733,0.9014,0.3132192403793335,0.9353222455978394,0.452,0.8090906169891358,0.8344,0.5811508600115776,1.3902414812088013
359,0.6471,0.6222428290367127,0.8944,0.3423091850399971,0.9645520139694214,0.578,0.6661458637237548,0.872,0.4467809854507446,1.1129268497467042
360,0.6488,0.6195097464561462,0.9021,0.3212594700574875,0.9407692155838012,0.6032,0.649268810081482,0.8772,0.4334333351314068,1.082702146625519
361,0.6391,0.6257450565338135,0.9104,0.30327921612262726,0.9290242736816406,0.5952,0.669066427898407,0.8668,0.4581969499588013,1.1272633724212646
362,0.6459,0.6243098285675048,0.9038,0.3110232108592987,0.9353330398559571,0.612,0.6555738882064819,0.8732,0.4509975134193897,1.1065714018821717
363,0.6456,0.6236144533157348,0.9012,0.3185711998343468,0.942185652923584,0.6392,0.648397003364563,0.8716,0.44894449491500854,1.0973415027618407
364,0.6469,0.6222212954521179,0.903,0.3191533657759428,0.9413746641159058,0.6316,0.6488708064079285,0.8672,0.47740963801145553,1.1262804533958435
365,0.6451,0.6306495128631592,0.8992,0.33005223338603973,0.9607017461776733,0.6168,0.6478407984733582,0.8684,0.45214448139965535,1.0999852729797364
366,0.6452,0.620878471660614,0.9004,0.3237026867628098,0.9445811611175537,0.6048,0.6616362510681152,0.8752,0.4422153903961182,1.1038516403198242
367,0.6526,0.6182599557876587,0.907,0.3117365191102028,0.9299964737892151,0.5732,0.6831206870079041,0.8628,0.47997183132171634,1.1630925198554993
368,0.6479,0.6219549226760864,0.9003,0.32715187805294993,0.9491067990303039,0.5932,0.6629879384994507,0.8688,0.4520664452075958,1.1150543865203857
369,0.6405,0.6286655248641968,0.8977,0.32732929462194443,0.9559948211669922,0.6208,0.6420718296051026,0.8696,0.45483084161281584,1.096902668762207
370,0.6544,0.6164970502853394,0.9013,0.31935050879716875,0.935847562789917,0.5904,0.6786569558143616,0.8692,0.4575303161621094,1.136187266921997
371,0.6489,0.618403669834137,0.9008,0.3238947126746178,0.9422983833312988,0.618,0.6462663885116577,0.8716,0.4496982535362244,1.0959646392822266
372,0.6484,0.6226876240730286,0.9019,0.32860582230091095,0.9512934476852417,0.5776,0.6849428979873657,0.8592,0.4861597260981798,1.1711026252746581
373,0.6402,0.6322030102729798,0.8924,0.34295954085588454,0.9751625494003295,0.614,0.642377667427063,0.8792,0.4336571348190308,1.0760348026275635
374,0.6409,0.6239968523025513,0.9015,0.32413882133960725,0.9481356760025025,0.5796,0.6715854074478149,0.8768,0.4418038965344429,1.1133893040657044
375,0.6395,0.6266849360466004,0.9007,0.3269206145942211,0.9536055505752563,0.6072,0.6555253345489502,0.8756,0.4432854484558105,1.0988107860565186
376,0.6443,0.6270889241218567,0.9019,0.31271148256063463,0.9398004065513611,0.5568,0.6886428358078003,0.8744,0.44640058960914614,1.1350434337615967
377,0.6376,0.6274356035232544,0.8984,0.33209380559921264,0.9595294107437133,0.6276,0.6417507011413575,0.8776,0.43922232685089113,1.0809730308532715
378,0.6468,0.6202755928039551,0.905,0.31818448239564895,0.938460078048706,0.6504,0.6256488492012023,0.8684,0.45980246925354,1.0854513185501098
379,0.645,0.6252313420295715,0.8984,0.3372166352719069,0.9624479755401611,0.6128,0.6521243609428405,0.8712,0.4517597911804914,1.1038841521263123
380,0.6434,0.6234872061729431,0.9063,0.3058400407075882,0.9293272469520569,0.6116,0.6485715112686157,0.8724,0.44891770696640015,1.0974892213821412
381,0.6491,0.6227806695938111,0.9014,0.3273767296910286,0.950157396030426,0.5892,0.6719586530685425,0.8732,0.460259881401062,1.132218536376953
382,0.6499,0.6223826884269714,0.8992,0.3254856526255608,0.9478683395385742,0.582,0.6604490755081177,0.866,0.47702990255355837,1.1374789730072021
383,0.6472,0.6236834099769593,0.9002,0.3195592404603958,0.9432426490783692,0.5756,0.6602427965164185,0.862,0.47719641380310057,1.137439214706421
384,0.6477,0.6253960903167725,0.9044,0.30974015377759934,0.935136243057251,0.6084,0.6599295118331909,0.8816,0.4424601029396057,1.1023896194458007
385,0.6482,0.6273741082191467,0.9026,0.3198514531493187,0.9472255605697631,0.58,0.6769897812843323,0.8664,0.45111306715011595,1.128102849006653
386,0.6422,0.6248259261131287,0.9049,0.30767619384527206,0.9325021179199219,0.62,0.6370074498176574,0.8696,0.45631591800451277,1.0933233662605286
387,0.6405,0.6269766906738281,0.9002,0.3246589925169945,0.9516356830596924,0.666,0.6008946352005005,0.8792,0.45943172488212586,1.0603263589859009
388,0.6401,0.6317683488845826,0.9012,0.3238311977505684,0.9555995484352112,0.5952,0.6693612589836121,0.86,0.5068995790481567,1.1762608444213867
389,0.6448,0.6247232643127442,0.9028,0.3156184366941452,0.940341700553894,0.6304,0.6461246563911438,0.8728,0.44862503995895386,1.0947496978759765
390,0.6414,0.6287327680587769,0.9045,0.3122088416695595,0.940941608428955,0.5428,0.7005909469604492,0.8792,0.46121744027137757,1.1618083881378174
391,0.6387,0.630178826713562,0.8976,0.3207678392648697,0.950946667098999,0.6168,0.6484865818023682,0.864,0.47156138134002684,1.1200479652404784
392,0.6472,0.6262755710601806,0.9054,0.3132272542238235,0.939502826499939,0.6652,0.6270112827301025,0.8648,0.48518303897380827,1.1121943239212035
393,0.6524,0.6188745007514954,0.9085,0.2989564017534256,0.9178309029579163,0.588,0.6732458051681518,0.8704,0.45174376611709594,1.124989570236206
394,0.6341,0.6282395796775818,0.9024,0.32324081181287767,0.9514803941726685,0.6508,0.6240835117340088,0.866,0.4534605434894562,1.0775440574645996
395,0.6374,0.6277156849861145,0.9001,0.32595395743846894,0.9536696434020996,0.618,0.6392247624397278,0.8808,0.4348153059542179,1.074040072631836
396,0.6462,0.6254250707149506,0.9067,0.31226573820114134,0.9376908092498779,0.578,0.6742830778121949,0.87,0.45963827867507934,1.133921360015869
397,0.6449,0.6237980960845947,0.8998,0.3254444862306118,0.9492425819396972,0.6108,0.6604224190235138,0.8784,0.43401352497637274,1.0944359473228455
398,0.6375,0.6246393832206726,0.8975,0.32281186989545824,0.9474512510299683,0.5724,0.6745926036834716,0.8472,0.5264304490417242,1.2010230510234832
399,0.644,0.6245258511543273,0.9032,0.32025995250940326,0.9447858047485351,0.6188,0.6458704016685486,0.8748,0.44521475303843616,1.0910851625442506
400,0.6479,0.6233831828117371,0.9015,0.31736776160001756,0.9407509427070617,0.6652,0.6130003512382507,0.876,0.43875107250213624,1.0517514184951782
401,0.6436,0.628277027130127,0.9039,0.3168465940952301,0.9451236203193665,0.5716,0.6724967684745788,0.8696,0.46849029235839845,1.140987060546875
402,0.6382,0.631269863986969,0.8995,0.3241255183458328,0.9553953790664673,0.608,0.6610742970466614,0.8772,0.4364202978849411,1.0974945957183837
403,0.6531,0.6178699719429016,0.9014,0.3127661951839924,0.93063616771698,0.6796,0.6056491983413697,0.8736,0.4545944570183754,1.0602436561584472
404,0.6457,0.6212122205734253,0.9069,0.306833620339632,0.9280458423614502,0.5692,0.676723443698883,0.866,0.4635644600868225,1.1402879016876222
405,0.652,0.6237794582366943,0.9076,0.30515956871509553,0.9289390277862549,0.5536,0.7042676778793335,0.88,0.44663985057324174,1.1509075240135194
406,0.6448,0.626763739490509,0.9056,0.30939725819826125,0.9361609970092774,0.608,0.6660118750572205,0.8752,0.4451433874130249,1.1111552598953247
407,0.6497,0.6235996383666992,0.9035,0.31011062598228456,0.9337102643966675,0.65,0.6229990962028503,0.8744,0.43700512895584104,1.0600042294502259
408,0.6506,0.6215536432266235,0.9023,0.3221424739599228,0.943696118068695,0.6336,0.6496043743133545,0.8784,0.4388375363111496,1.0884419152259828
409,0.6509,0.6216481702804565,0.9009,0.32066986790895463,0.9423180401802063,0.684,0.6023927215576171,0.872,0.4582284900199622,1.0606212152481078
410,0.65,0.6200492053985596,0.9064,0.30638802909851076,0.9264372358322144,0.5972,0.6659484714508057,0.8708,0.4571091434554197,1.123057615184784
411,0.6374,0.6282611548423767,0.902,0.31264697502851485,0.9409081317901611,0.5932,0.6591795530319214,0.88,0.4385099289417267,1.0976894821166991
412,0.6427,0.6248002128601075,0.9067,0.3092041798993945,0.9340043922424316,0.6236,0.6420096437454224,0.8708,0.45267804899215697,1.0946876984596252
413,0.6453,0.6200526059150696,0.9025,0.31953020194768905,0.9395828058242798,0.5732,0.6744555750846862,0.8744,0.443282017993927,1.1177375881195069
414,0.6451,0.6248492622375488,0.9035,0.3148222107410431,0.9396714731216431,0.5936,0.66625465259552,0.8676,0.46640896816253663,1.1326636211395265
415,0.6423,0.6254410296440125,0.9065,0.30999412862062453,0.9354351581573487,0.5404,0.7217110514640808,0.864,0.4563282506108284,1.1780392987251282
416,0.6411,0.628459805393219,0.9069,0.30461370458602904,0.9330735099792481,0.6256,0.636402980709076,0.876,0.4427480917930603,1.0791510690689088
417,0.6524,0.6181658402442932,0.9056,0.31031475494503974,0.9284805953979492,0.5876,0.6742262413024902,0.8556,0.5164065924800932,1.1906328324317932
418,0.6451,0.6282584425926209,0.9046,0.30826955271959305,0.9365279964447022,0.5932,0.6602639632225037,0.8636,0.464586997795105,1.124850952911377
419,0.6439,0.6259213695526123,0.9025,0.31254553339481356,0.9384669031143188,0.55,0.693469291305542,0.8616,0.47045632381439206,1.1639256156921387
420,0.6503,0.623327070236206,0.9079,0.3038262477874756,0.9271533145904541,0.572,0.6801948722839355,0.874,0.4448090653061867,1.1250039370536804
421,0.6343,0.6267353626251221,0.9056,0.3106821014940739,0.9374174637794495,0.5972,0.6511466125488281,0.868,0.467889577293396,1.1190361881256103
422,0.6497,0.6216247240066528,0.91,0.2962422125637531,0.91786693983078,0.67,0.6164299076080322,0.8784,0.43518122386932373,1.0516111289978027
423,0.637,0.6296049270629883,0.9091,0.30336611876487735,0.9329710439682006,0.6264,0.6380058917999267,0.8776,0.42582736418247225,1.0638332538604736
424,0.6463,0.6251087253570556,0.9104,0.2923676087141037,0.9174763368606568,0.5724,0.6767967199325562,0.8712,0.46410637600421906,1.1409030993461609
425,0.6424,0.6255989295959473,0.8997,0.32287141506671907,0.948470341014862,0.5832,0.6767697630882263,0.8712,0.4592705289125443,1.1360402873039246
426,0.6515,0.6192029991149902,0.9065,0.3052131661057472,0.9244161659240723,0.5744,0.688538975906372,0.8696,0.4563585282683372,1.1448975083351136
427,0.6396,0.6304631140708923,0.9037,0.3133866502046585,0.9438497627258301,0.6012,0.6619474413871765,0.868,0.46994397201538085,1.1318914211273194
428,0.6394,0.626473992729187,0.9018,0.3164317965269089,0.9429057886123657,0.6352,0.633168803691864,0.87,0.45375643281936645,1.0869252326965333
429,0.6404,0.6273952243804931,0.9027,0.30879540340676903,0.9361906275749207,0.6032,0.6593042777061462,0.8712,0.4615696175813675,1.1208738969802856
430,0.6356,0.634206694984436,0.9012,0.3145018534868956,0.9487085487365723,0.642,0.6403931123733521,0.8756,0.4422644526958466,1.0826575675964356
431,0.6319,0.6311044541358948,0.9056,0.297625476115942,0.9287299320220948,0.6108,0.6550636156082154,0.8668,0.46937660970687867,1.1244402236938476
432,0.6406,0.6277676144599914,0.9107,0.29607904999256135,0.9238466649055481,0.6308,0.6372937898635864,0.8772,0.4351988114953041,1.072492597770691
433,0.6399,0.6270106855392457,0.9041,0.3172061209440231,0.9442168058395386,0.5716,0.6774740851402282,0.8684,0.44694271631240845,1.124416796875
434,0.6429,0.6309477946281433,0.9041,0.3080791308999062,0.9390269241333008,0.6508,0.6358450506210327,0.8712,0.4542165118217468,1.0900615619659424
435,0.6551,0.6200432176589966,0.906,0.30784282413721087,0.9278860406875611,0.55,0.6892122457504273,0.8792,0.43063523926734926,1.1198474893569945
436,0.6467,0.6222776516914368,0.9096,0.2996538261085749,0.9219314776420593,0.6104,0.6495764003753662,0.8704,0.45999608573913575,1.109572487640381
437,0.6397,0.6257758362770081,0.906,0.302622720849514,0.9283985580444336,0.612,0.6579024061203003,0.8684,0.4449403962135315,1.102842794418335
438,0.6474,0.6270994638442993,0.9047,0.3037783849835396,0.9308778463363647,0.6028,0.655731817817688,0.8656,0.47710033769607546,1.132832160949707
439,0.6421,0.6271396943092347,0.9067,0.3013579219579697,0.9284976163864136,0.5672,0.7007441342353821,0.8736,0.44888394737243653,1.1496280799865723
440,0.6453,0.6259804777145386,0.9025,0.31485957193374636,0.9408400485992432,0.6188,0.6447492491722107,0.8656,0.4790537383124232,1.1238029921531678
441,0.6453,0.6216198082923889,0.9081,0.29405692292451857,0.915676730632782,0.6004,0.6528744091033936,0.8664,0.4600931561946869,1.1129675687789917
442,0.6449,0.6273854705810546,0.9063,0.29683713309764864,0.9242226040840149,0.5948,0.6601240810394287,0.8652,0.47766629435969515,1.1377903803825378
443,0.6444,0.6245275189399719,0.907,0.3068360316157341,0.9313635500907897,0.6176,0.643468721294403,0.8796,0.4490111984372139,1.0924799221992492
444,0.6434,0.6240644913673401,0.9068,0.3009588814377785,0.9250233734130859,0.5696,0.712340078830719,0.8704,0.4618733470708132,1.1742134188652038
445,0.6372,0.6322654723167419,0.9062,0.292473524081707,0.9247389947891236,0.6364,0.6392794208526611,0.878,0.4463889095276594,1.085668330001831
446,0.6409,0.6289950176239014,0.9091,0.29749408165216445,0.9264890970230103,0.5792,0.6696517568588257,0.8672,0.4521904984474182,1.1218422488212585
447,0.6393,0.6272320996284485,0.8989,0.3094013044834137,0.9366334020614624,0.5864,0.6770930551528931,0.8644,0.46702455701828005,1.1441176152229309
448,0.6386,0.6301260967254638,0.9124,0.2928433854997158,0.9229694818496704,0.5708,0.6851341566085816,0.8704,0.4395863271713257,1.1247204776763915
449,0.6454,0.6254669188499451,0.9051,0.2959789636254311,0.9214458836555481,0.6236,0.6505023802757263,0.878,0.4422218406200409,1.0927242286682128
450,0.6461,0.623508287525177,0.9069,0.3038314047038555,0.9273396909713745,0.578,0.6749203334808349,0.8696,0.4602641173362732,1.1351844528198243
451,0.6446,0.624033278465271,0.9083,0.2998822363615036,0.9239155137062073,0.6,0.652702815246582,0.874,0.44014826248437167,1.0928510754585266
452,0.6446,0.6271259766578674,0.9031,0.31434669057130815,0.9414726680755615,0.6,0.6599875325202942,0.8744,0.4396481767177582,1.0996357093811036
453,0.6475,0.6243164229393006,0.9056,0.3058884222507477,0.9302048465728759,0.6136,0.6622506243705749,0.862,0.48099428300857544,1.1432449077606202
454,0.6407,0.6243246883392334,0.9068,0.3030220797777176,0.9273467700004577,0.626,0.6411631588935852,0.876,0.4493934285163879,1.0905565881729127
455,0.636,0.6295048316001892,0.9052,0.3097323464155197,0.9392371767044068,0.6192,0.6467760493278504,0.8736,0.44170206745266916,1.0884781248092652
456,0.6502,0.6230804921150207,0.9061,0.3071683944821358,0.9302488868713379,0.5616,0.6927214988708497,0.864,0.48911633892059325,1.1818378358840942
457,0.633,0.6293330875396729,0.907,0.30359902667999267,0.9329321130752564,0.5916,0.6770013557434083,0.8704,0.477275896281004,1.1542772493362428
458,0.6322,0.6350487575531006,0.9045,0.3153325243830681,0.9503812822341919,0.6244,0.6420263912200928,0.876,0.43767175295352934,1.0796981446266174
459,0.6435,0.6241497497558594,0.9072,0.2969344384074211,0.9210841884613037,0.5892,0.6559988297462463,0.8648,0.4849381860844791,1.1409370184898378
460,0.6432,0.6272482555389405,0.9071,0.2940155788898468,0.9212638345718384,0.592,0.6640302728652954,0.868,0.466630189538002,1.1306604618072509
461,0.6427,0.6240254832267761,0.9055,0.2997828683078289,0.923808351135254,0.6112,0.6502876247406005,0.8644,0.48347644543647766,1.1337640701293945
462,0.6405,0.6258208992958069,0.9085,0.3049319599330425,0.9307528635978699,0.63,0.643011900806427,0.8772,0.45371299362182615,1.0967248916625976
463,0.6378,0.6266207068443298,0.907,0.3046667560696602,0.9312874604225159,0.594,0.6600447689056397,0.864,0.4676344855308533,1.12767925491333
464,0.6431,0.6252068788528442,0.9052,0.3075654535770416,0.9327723316192627,0.574,0.6962505346298218,0.858,0.4786417016029358,1.1748922386169434
465,0.6505,0.6261986181259155,0.9021,0.3035174395680428,0.9297160579681396,0.6192,0.6564653332710266,0.8728,0.44561565856933594,1.1020809886932372
466,0.6373,0.6334696733474732,0.9051,0.3040556715607643,0.9375253461837768,0.6136,0.645146704864502,0.8592,0.5125484077453614,1.1576951110839844
467,0.6408,0.6267669818878174,0.909,0.29435928547382356,0.9211262664794921,0.6272,0.6451196600914001,0.8752,0.44741557021141054,1.0925352363586425
468,0.6426,0.6268117412567139,0.9088,0.29634974250793455,0.9231614791870117,0.5948,0.6629262984275818,0.8792,0.43701120610386135,1.099937507724762
469,0.6527,0.6209511726379394,0.9071,0.2964717454314232,0.9174229202270507,0.606,0.6634495849609375,0.8796,0.44959451923370364,1.113044105529785
470,0.6421,0.624551779460907,0.9021,0.3100858546972275,0.9346376356124878,0.6172,0.646521877861023,0.8744,0.44149888858795167,1.0880207656860352
471,0.6448,0.6293050094604492,0.9059,0.31074213750362395,0.9400471485137939,0.6,0.6572609928131103,0.8784,0.4426322361823637,1.0998932342529297
472,0.6489,0.6204225568771362,0.9111,0.2955000132203102,0.9159225706100463,0.5832,0.6576946161270142,0.8684,0.460478236579895,1.1181728546142577
473,0.6399,0.6296180967330932,0.9081,0.29408781504631043,0.9237059136390686,0.6096,0.6578677278518676,0.8716,0.4613994650840759,1.1192671969413757
474,0.6413,0.6263978748321534,0.9062,0.3045225592374802,0.9309204341888427,0.6116,0.6620763899803161,0.8612,0.48017299323678014,1.1422493846893311
475,0.6396,0.6298542899131775,0.9055,0.3015108408033848,0.9313651304244995,0.6324,0.6423251387596131,0.8776,0.4448272989034653,1.087152435207367
476,0.6455,0.6273411260604859,0.9002,0.31740690560340884,0.9447480316162109,0.594,0.6724413162231445,0.8684,0.47492423191070554,1.147365545463562
477,0.643,0.6255042873382568,0.9076,0.3016092528820038,0.9271135381698609,0.612,0.6549432349205017,0.8792,0.4410448217235506,1.0959880558013917
478,0.6448,0.6265076482772827,0.9106,0.2916356553941965,0.9181433042526245,0.6408,0.643876874923706,0.8716,0.4650926556110382,1.108969536781311
479,0.6478,0.6294997966766357,0.9105,0.28706216773986815,0.9165619632720947,0.6344,0.6340661756515503,0.8748,0.4398147801399231,1.0738809562683105
480,0.646,0.6272806804656983,0.9072,0.2967658050298691,0.9240464851379394,0.5944,0.6667109408378601,0.8752,0.45297120110467076,1.1196821364402771
481,0.6396,0.6291240508079529,0.9106,0.29297067214250566,0.9220947224617004,0.6128,0.6496382738113403,0.8732,0.44887849931716917,1.0985167744636535
482,0.6379,0.6317359896659851,0.9101,0.2977379191875458,0.9294739085197449,0.5512,0.6772837906837463,0.8548,0.49021449728012084,1.1674982883453369
483,0.6357,0.628112244796753,0.9119,0.2863048202157021,0.9144170649528504,0.5868,0.672458292388916,0.8688,0.4579482255935669,1.1304065280914306
484,0.6438,0.6249703799247742,0.9079,0.303889963388443,0.9288603439331055,0.5992,0.6707738922119141,0.876,0.45452310874462126,1.1252969999313354
485,0.6459,0.6277886053085328,0.9063,0.3031928686499596,0.9309814743041992,0.6176,0.646948138332367,0.8704,0.45229497874975205,1.0992431161880494
486,0.6383,0.6287378681182861,0.9043,0.3059137883782387,0.9346516592979431,0.6208,0.6380435872077942,0.8796,0.4458378366470337,1.0838814282417297
487,0.6383,0.6331141872406005,0.9064,0.3037331429362297,0.9368473320007324,0.5712,0.6788513761520386,0.878,0.44175241465568543,1.1206037895202636
488,0.642,0.6276720499992371,0.9093,0.3011365950703621,0.9288086451530456,0.6248,0.6413320941925049,0.8796,0.43894423365592955,1.080276323890686
489,0.6323,0.632916631603241,0.9112,0.2833687203764915,0.9162853529930115,0.5992,0.6592152276992798,0.8688,0.4717709888458252,1.1309862154006958
490,0.6443,0.626175329208374,0.902,0.3173675091743469,0.9435428369522094,0.6456,0.6326676864624023,0.876,0.4547829579006415,1.0874506469726561
491,0.6396,0.6325209381103516,0.9034,0.3113776857256889,0.9438986233711243,0.5836,0.6770715149879456,0.8688,0.45135856084823606,1.1284300750732421
492,0.6319,0.6352131601333618,0.9049,0.3063657277226448,0.9415788864135742,0.6044,0.6567228088378906,0.8712,0.45391830067932604,1.1106411133766174
493,0.6354,0.6330468216896057,0.9039,0.3075822286128998,0.9406290504455567,0.5896,0.6669029823303223,0.8756,0.4508257689237595,1.1177287474632263
494,0.6458,0.6271278274536133,0.9099,0.2890773183166981,0.9162051478385925,0.6016,0.6507733896255493,0.862,0.47770890254974363,1.1284822952270508
495,0.6401,0.63068140001297,0.9047,0.303753010058403,0.9344344106674194,0.5832,0.6605151096343994,0.864,0.4700430506706238,1.130558156967163
496,0.6421,0.6241298209190369,0.9058,0.2993948278903961,0.9235246473312378,0.6184,0.6552626397132874,0.8716,0.44824053534567354,1.1035031743049621
497,0.6331,0.6324840775489807,0.9072,0.30729663786888123,0.9397807140350342,0.6548,0.6123838185310364,0.8696,0.47047211978435516,1.082855940055847
498,0.6388,0.6299739127159119,0.9106,0.2934251355648041,0.9233990497589112,0.624,0.6491704446792602,0.872,0.44640699846446513,1.0955774399757385
499,0.6398,0.6310074598312377,0.9141,0.2856814852833748,0.9166889434814454,0.5696,0.6827546124458312,0.8708,0.440216282081604,1.1229708908081055
